[2026-03-18T11:10:45.765+0000] {local_task_job_runner.py:120} INFO - ::group::Pre task execution logs
[2026-03-18T11:10:46.110+0000] {taskinstance.py:2076} INFO - Dependencies all met for dep_context=non-requeueable deps ti=<TaskInstance: smartstay_hickstead_daily.rescore_stale scheduled__2026-03-17T06:00:00+00:00 [queued]>
[2026-03-18T11:10:46.172+0000] {taskinstance.py:2076} INFO - Dependencies all met for dep_context=requeueable deps ti=<TaskInstance: smartstay_hickstead_daily.rescore_stale scheduled__2026-03-17T06:00:00+00:00 [queued]>
[2026-03-18T11:10:46.174+0000] {taskinstance.py:2306} INFO - Starting attempt 1 of 2
[2026-03-18T11:10:46.270+0000] {taskinstance.py:2330} INFO - Executing <Task(PythonOperator): rescore_stale> on 2026-03-17 06:00:00+00:00
[2026-03-18T11:10:46.299+0000] {standard_task_runner.py:63} INFO - Started process 3633 to run task
[2026-03-18T11:10:46.321+0000] {standard_task_runner.py:90} INFO - Running: ['airflow', 'tasks', 'run', 'smartstay_hickstead_daily', 'rescore_stale', 'scheduled__2026-03-17T06:00:00+00:00', '--job-id', '98', '--raw', '--subdir', 'DAGS_FOLDER/09_airflow_dag.py', '--cfg-path', '/tmp/tmpkdreq0b7']
[2026-03-18T11:10:46.336+0000] {standard_task_runner.py:91} INFO - Job 98: Subtask rescore_stale
[2026-03-18T11:10:46.985+0000] {task_command.py:426} INFO - Running <TaskInstance: smartstay_hickstead_daily.rescore_stale scheduled__2026-03-17T06:00:00+00:00 [running]> on host 5366d0f75f9a
[2026-03-18T11:10:48.964+0000] {taskinstance.py:2648} INFO - Exporting env vars: AIRFLOW_CTX_DAG_EMAIL='revenue@unhotels.co.uk' AIRFLOW_CTX_DAG_OWNER='smartstay' AIRFLOW_CTX_DAG_ID='smartstay_hickstead_daily' AIRFLOW_CTX_TASK_ID='rescore_stale' AIRFLOW_CTX_EXECUTION_DATE='2026-03-17T06:00:00+00:00' AIRFLOW_CTX_TRY_NUMBER='1' AIRFLOW_CTX_DAG_RUN_ID='scheduled__2026-03-17T06:00:00+00:00'
[2026-03-18T11:10:48.979+0000] {taskinstance.py:430} INFO - ::endgroup::
[2026-03-18T11:10:53.806+0000] {daily_rescore.py:511} INFO - ============================================================
[2026-03-18T11:10:53.810+0000] {daily_rescore.py:512} INFO - SmartStay — Daily Re-score
[2026-03-18T11:10:53.813+0000] {daily_rescore.py:513} INFO - Window   : 2026-03-18 → 2026-05-17  (60 days)
[2026-03-18T11:10:53.816+0000] {daily_rescore.py:514} INFO - Dry run  : False
[2026-03-18T11:10:53.822+0000] {daily_rescore.py:515} INFO - ============================================================
[2026-03-18T11:10:53.899+0000] {daily_rescore.py:93} INFO - Latest pickup file: Uno_Hotels_Pickup_16_03_2026.xlsx  (file date: 2026-03-17, staleness: 1d, quality: medium)
[2026-03-18T11:10:53.900+0000] {daily_rescore.py:529} INFO - 
[Step 1] Parsing BOB features from Uno_Hotels_Pickup_16_03_2026.xlsx
[2026-03-18T11:10:58.515+0000] {daily_rescore.py:114} INFO -   Pickup file shape: (2557, 14)
[2026-03-18T11:10:58.584+0000] {daily_rescore.py:132} INFO -   Raw file unparseable — falling back to clean_pickup.csv
[2026-03-18T11:10:58.761+0000] {daily_rescore.py:533} INFO - 
[Step 2] Building feature matrix (2026-03-18 → 2026-05-17)
[2026-03-18T11:10:58.852+0000] {daily_rescore.py:176} INFO -   Rescore window: 61 dates (2026-03-18 → 2026-05-17)
[2026-03-18T11:10:58.913+0000] {daily_rescore.py:195} INFO -   BOB features matched: 61/61 dates
[2026-03-18T11:10:58.935+0000] {daily_rescore.py:537} INFO - 
[Step 3] Loading production model
[2026-03-18T11:11:06.573+0000] {daily_rescore.py:250} INFO -   Model loaded: gbm_model.joblib
[2026-03-18T11:11:06.574+0000] {daily_rescore.py:252} INFO -   RF loaded:    rf_model.joblib
[2026-03-18T11:11:06.576+0000] {daily_rescore.py:541} INFO - 
[Step 4] Running Stage 1 + Stage 2 predictions
[2026-03-18T11:11:06.825+0000] {daily_rescore.py:545} INFO - 
[Step 5] Assembling output + rate recommendations
[2026-03-18T11:11:06.852+0000] {daily_rescore.py:549} INFO - 
[Step 6] Writing results (dry_run=False)
[2026-03-18T11:11:07.292+0000] {daily_rescore.py:479} INFO -   DB upsert: 61 rows written (run_id=cc053222...)
[2026-03-18T11:11:07.339+0000] {daily_rescore.py:496} INFO -   CSV saved → rescore_2026-03-18.csv
[2026-03-18T11:11:07.342+0000] {daily_rescore.py:554} INFO - 
============================================================
[2026-03-18T11:11:07.343+0000] {daily_rescore.py:555} INFO - Re-score COMPLETE
[2026-03-18T11:11:07.344+0000] {daily_rescore.py:556} INFO -   Dates scored   : 61
[2026-03-18T11:11:07.345+0000] {daily_rescore.py:557} INFO -   BOB quality    : medium (staleness: 1d)
[2026-03-18T11:11:07.347+0000] {daily_rescore.py:558} INFO -   Rows in DB     : 61
[2026-03-18T11:11:07.348+0000] {daily_rescore.py:559} INFO -   Avg predicted  : 50.7%
[2026-03-18T11:11:07.360+0000] {daily_rescore.py:560} INFO -   Rate tiers     : {'value': 30, 'promotional': 27, 'standard': 4}
[2026-03-18T11:11:07.362+0000] {daily_rescore.py:561} INFO - ============================================================
[2026-03-18T11:11:07.365+0000] {09_airflow_dag.py:110} INFO - Rescore result: {'run_id': 'cc053222-85bc-442b-8512-21150a104152', 'dates_scored': 61, 'bob_quality': 'medium', 'rows_written': 61, 'avg_predicted_occ': 0.5069}
[2026-03-18T11:11:07.367+0000] {python.py:237} INFO - Done. Returned value was: {'run_id': 'cc053222-85bc-442b-8512-21150a104152', 'dates_scored': 61, 'bob_quality': 'medium', 'rows_written': 61, 'avg_predicted_occ': 0.5069}
[2026-03-18T11:11:07.375+0000] {taskinstance.py:441} INFO - ::group::Post task execution logs
[2026-03-18T11:11:07.762+0000] {taskinstance.py:1206} INFO - Marking task as SUCCESS. dag_id=smartstay_hickstead_daily, task_id=rescore_stale, run_id=scheduled__2026-03-17T06:00:00+00:00, execution_date=20260317T06***, start_date=20260318T111046, end_date=20260318T111107
[2026-03-18T11:11:07.999+0000] {local_task_job_runner.py:240} INFO - Task exited with return code 0
[2026-03-18T11:11:09.183+0000] {taskinstance.py:3498} INFO - 0 downstream tasks scheduled from follow-on schedule check
[2026-03-18T11:11:09.189+0000] {local_task_job_runner.py:222} INFO - ::endgroup::
