[2026-03-23T15:06:07.304+0000] {local_task_job_runner.py:120} INFO - ::group::Pre task execution logs
[2026-03-23T15:06:08.441+0000] {taskinstance.py:2076} INFO - Dependencies all met for dep_context=non-requeueable deps ti=<TaskInstance: smartstay_hickstead_retrain.clean_occupancy scheduled__2026-03-16T07:00:00+00:00 [queued]>
[2026-03-23T15:06:08.566+0000] {taskinstance.py:2076} INFO - Dependencies all met for dep_context=requeueable deps ti=<TaskInstance: smartstay_hickstead_retrain.clean_occupancy scheduled__2026-03-16T07:00:00+00:00 [queued]>
[2026-03-23T15:06:08.605+0000] {taskinstance.py:2306} INFO - Starting attempt 1 of 2
[2026-03-23T15:06:08.807+0000] {taskinstance.py:2330} INFO - Executing <Task(PythonOperator): clean_occupancy> on 2026-03-16 07:00:00+00:00
[2026-03-23T15:06:08.843+0000] {standard_task_runner.py:63} INFO - Started process 179 to run task
[2026-03-23T15:06:08.853+0000] {standard_task_runner.py:90} INFO - Running: ['airflow', 'tasks', 'run', 'smartstay_hickstead_retrain', 'clean_occupancy', 'scheduled__2026-03-16T07:00:00+00:00', '--job-id', '112', '--raw', '--subdir', 'DAGS_FOLDER/09_airflow_dag.py', '--cfg-path', '/tmp/tmpbcdk3zf_']
[2026-03-23T15:06:08.873+0000] {standard_task_runner.py:91} INFO - Job 112: Subtask clean_occupancy
[2026-03-23T15:06:10.203+0000] {task_command.py:426} INFO - Running <TaskInstance: smartstay_hickstead_retrain.clean_occupancy scheduled__2026-03-16T07:00:00+00:00 [running]> on host 6c4b041b291a
[2026-03-23T15:06:12.909+0000] {taskinstance.py:2648} INFO - Exporting env vars: AIRFLOW_CTX_DAG_EMAIL='revenue@unhotels.co.uk' AIRFLOW_CTX_DAG_OWNER='smartstay' AIRFLOW_CTX_DAG_ID='smartstay_hickstead_retrain' AIRFLOW_CTX_TASK_ID='clean_occupancy' AIRFLOW_CTX_EXECUTION_DATE='2026-03-16T07:00:00+00:00' AIRFLOW_CTX_TRY_NUMBER='1' AIRFLOW_CTX_DAG_RUN_ID='scheduled__2026-03-16T07:00:00+00:00'
[2026-03-23T15:06:12.913+0000] {taskinstance.py:430} INFO - ::endgroup::
[2026-03-23T15:06:17.273+0000] {pipeline.py:38} INFO -   Importing 01_clean_occupancy.py ...
[2026-03-23T15:06:17.456+0000] {logging_mixin.py:188} INFO - ==============================================================
[2026-03-23T15:06:17.465+0000] {logging_mixin.py:188} INFO - SmartStay — Script 01: Clean Occupancy Data
[2026-03-23T15:06:17.467+0000] {logging_mixin.py:188} INFO - ==============================================================
[2026-03-23T15:06:17.469+0000] {logging_mixin.py:188} INFO - 
[1/8] Parsing 2024 file...
[2026-03-23T15:06:17.504+0000] {taskinstance.py:441} INFO - ::group::Post task execution logs
[2026-03-23T15:06:17.517+0000] {taskinstance.py:2905} ERROR - Task failed with exception
Traceback (most recent call last):
  File "/opt/smartstay/scripts/pipeline.py", line 45, in _run_main
    spec.loader.exec_module(module)
  File "<frozen importlib._bootstrap_external>", line 940, in exec_module
  File "<frozen importlib._bootstrap>", line 241, in _call_with_frames_removed
  File "/opt/smartstay/scripts/01_clean_occupancy.py", line 234, in <module>
    df_2024 = parse_occupancy_file(FILE_2024)
              ^^^^^^^^^^^^^^^^^^^^^^^^^^^^^^^
  File "/opt/smartstay/scripts/01_clean_occupancy.py", line 107, in parse_occupancy_file
    xl  = pd.ExcelFile(filepath)
          ^^^^^^^^^^^^^^^^^^^^^^
  File "/home/airflow/.local/lib/python3.11/site-packages/pandas/io/excel/_base.py", line 1550, in __init__
    ext = inspect_excel_format(
          ^^^^^^^^^^^^^^^^^^^^^
  File "/home/airflow/.local/lib/python3.11/site-packages/pandas/io/excel/_base.py", line 1402, in inspect_excel_format
    with get_handle(
         ^^^^^^^^^^^
  File "/home/airflow/.local/lib/python3.11/site-packages/pandas/io/common.py", line 882, in get_handle
    handle = open(handle, ioargs.mode)
             ^^^^^^^^^^^^^^^^^^^^^^^^^
FileNotFoundError: [Errno 2] No such file or directory: 'data/raw/UNOHICK_Occupancy_20260227_235408.xlsx'

The above exception was the direct cause of the following exception:

Traceback (most recent call last):
  File "/home/airflow/.local/lib/python3.11/site-packages/airflow/models/taskinstance.py", line 460, in _execute_task
    result = _execute_callable(context=context, **execute_callable_kwargs)
             ^^^^^^^^^^^^^^^^^^^^^^^^^^^^^^^^^^^^^^^^^^^^^^^^^^^^^^^^^^^^^
  File "/home/airflow/.local/lib/python3.11/site-packages/airflow/models/taskinstance.py", line 432, in _execute_callable
    return execute_callable(context=context, **execute_callable_kwargs)
           ^^^^^^^^^^^^^^^^^^^^^^^^^^^^^^^^^^^^^^^^^^^^^^^^^^^^^^^^^^^^
  File "/home/airflow/.local/lib/python3.11/site-packages/airflow/models/baseoperator.py", line 400, in wrapper
    return func(self, *args, **kwargs)
           ^^^^^^^^^^^^^^^^^^^^^^^^^^^
  File "/home/airflow/.local/lib/python3.11/site-packages/airflow/operators/python.py", line 235, in execute
    return_value = self.execute_callable()
                   ^^^^^^^^^^^^^^^^^^^^^^^
  File "/home/airflow/.local/lib/python3.11/site-packages/airflow/operators/python.py", line 252, in execute_callable
    return self.python_callable(*self.op_args, **self.op_kwargs)
           ^^^^^^^^^^^^^^^^^^^^^^^^^^^^^^^^^^^^^^^^^^^^^^^^^^^^^
  File "/opt/airflow/dags/09_airflow_dag.py", line 153, in _run_step
    _run_main(script_name, step_name)
  File "/opt/smartstay/scripts/pipeline.py", line 50, in _run_main
    raise RuntimeError(f"Step '{step_name}' failed in {filename}: {e}") from e
RuntimeError: Step 'clean_occupancy' failed in 01_clean_occupancy.py: [Errno 2] No such file or directory: 'data/raw/UNOHICK_Occupancy_20260227_235408.xlsx'
[2026-03-23T15:06:17.934+0000] {taskinstance.py:1206} INFO - Marking task as UP_FOR_RETRY. dag_id=smartstay_hickstead_retrain, task_id=clean_occupancy, run_id=scheduled__2026-03-16T07:00:00+00:00, execution_date=20260316T07***, start_date=20260323T150608, end_date=20260323T150617
[2026-03-23T15:06:18.053+0000] {configuration.py:1050} WARNING - section/key [smtp/smtp_user] not found in config
[2026-03-23T15:06:18.059+0000] {email.py:271} INFO - Email alerting: attempt 1
[2026-03-23T15:06:18.258+0000] {configuration.py:1050} WARNING - section/key [smtp/smtp_user] not found in config
[2026-03-23T15:06:18.262+0000] {email.py:271} INFO - Email alerting: attempt 1
[2026-03-23T15:06:18.264+0000] {taskinstance.py:879} ERROR - Failed to send email to: ['revenue@unhotels.co.uk']
Traceback (most recent call last):
  File "/opt/smartstay/scripts/pipeline.py", line 45, in _run_main
    spec.loader.exec_module(module)
  File "<frozen importlib._bootstrap_external>", line 940, in exec_module
  File "<frozen importlib._bootstrap>", line 241, in _call_with_frames_removed
  File "/opt/smartstay/scripts/01_clean_occupancy.py", line 234, in <module>
    df_2024 = parse_occupancy_file(FILE_2024)
              ^^^^^^^^^^^^^^^^^^^^^^^^^^^^^^^
  File "/opt/smartstay/scripts/01_clean_occupancy.py", line 107, in parse_occupancy_file
    xl  = pd.ExcelFile(filepath)
          ^^^^^^^^^^^^^^^^^^^^^^
  File "/home/airflow/.local/lib/python3.11/site-packages/pandas/io/excel/_base.py", line 1550, in __init__
    ext = inspect_excel_format(
          ^^^^^^^^^^^^^^^^^^^^^
  File "/home/airflow/.local/lib/python3.11/site-packages/pandas/io/excel/_base.py", line 1402, in inspect_excel_format
    with get_handle(
         ^^^^^^^^^^^
  File "/home/airflow/.local/lib/python3.11/site-packages/pandas/io/common.py", line 882, in get_handle
    handle = open(handle, ioargs.mode)
             ^^^^^^^^^^^^^^^^^^^^^^^^^
FileNotFoundError: [Errno 2] No such file or directory: 'data/raw/UNOHICK_Occupancy_20260227_235408.xlsx'

The above exception was the direct cause of the following exception:

Traceback (most recent call last):
  File "/home/airflow/.local/lib/python3.11/site-packages/airflow/models/taskinstance.py", line 2479, in _run_raw_task
    self._execute_task_with_callbacks(context, test_mode, session=session)
  File "/home/airflow/.local/lib/python3.11/site-packages/airflow/models/taskinstance.py", line 2676, in _execute_task_with_callbacks
    result = self._execute_task(context, task_orig)
             ^^^^^^^^^^^^^^^^^^^^^^^^^^^^^^^^^^^^^^
  File "/home/airflow/.local/lib/python3.11/site-packages/airflow/models/taskinstance.py", line 2701, in _execute_task
    return _execute_task(self, context, task_orig)
           ^^^^^^^^^^^^^^^^^^^^^^^^^^^^^^^^^^^^^^^
  File "/home/airflow/.local/lib/python3.11/site-packages/airflow/models/taskinstance.py", line 460, in _execute_task
    result = _execute_callable(context=context, **execute_callable_kwargs)
             ^^^^^^^^^^^^^^^^^^^^^^^^^^^^^^^^^^^^^^^^^^^^^^^^^^^^^^^^^^^^^
  File "/home/airflow/.local/lib/python3.11/site-packages/airflow/models/taskinstance.py", line 432, in _execute_callable
    return execute_callable(context=context, **execute_callable_kwargs)
           ^^^^^^^^^^^^^^^^^^^^^^^^^^^^^^^^^^^^^^^^^^^^^^^^^^^^^^^^^^^^
  File "/home/airflow/.local/lib/python3.11/site-packages/airflow/models/baseoperator.py", line 400, in wrapper
    return func(self, *args, **kwargs)
           ^^^^^^^^^^^^^^^^^^^^^^^^^^^
  File "/home/airflow/.local/lib/python3.11/site-packages/airflow/operators/python.py", line 235, in execute
    return_value = self.execute_callable()
                   ^^^^^^^^^^^^^^^^^^^^^^^
  File "/home/airflow/.local/lib/python3.11/site-packages/airflow/operators/python.py", line 252, in execute_callable
    return self.python_callable(*self.op_args, **self.op_kwargs)
           ^^^^^^^^^^^^^^^^^^^^^^^^^^^^^^^^^^^^^^^^^^^^^^^^^^^^^
  File "/opt/airflow/dags/09_airflow_dag.py", line 153, in _run_step
    _run_main(script_name, step_name)
  File "/opt/smartstay/scripts/pipeline.py", line 50, in _run_main
    raise RuntimeError(f"Step '{step_name}' failed in {filename}: {e}") from e
RuntimeError: Step 'clean_occupancy' failed in 01_clean_occupancy.py: [Errno 2] No such file or directory: 'data/raw/UNOHICK_Occupancy_20260227_235408.xlsx'

During handling of the above exception, another exception occurred:

Traceback (most recent call last):
  File "/home/airflow/.local/lib/python3.11/site-packages/airflow/models/taskinstance.py", line 1063, in _email_alert
    send_email(task.email, subject, html_content)
  File "/home/airflow/.local/lib/python3.11/site-packages/airflow/utils/email.py", line 80, in send_email
    return backend(
           ^^^^^^^^
  File "/home/airflow/.local/lib/python3.11/site-packages/airflow/utils/email.py", line 154, in send_email_smtp
    send_mime_email(e_from=mail_from, e_to=recipients, mime_msg=msg, conn_id=conn_id, dryrun=dryrun)
  File "/home/airflow/.local/lib/python3.11/site-packages/airflow/utils/email.py", line 273, in send_mime_email
    smtp_conn = _get_smtp_connection(smtp_host, smtp_port, smtp_timeout, smtp_ssl)
                ^^^^^^^^^^^^^^^^^^^^^^^^^^^^^^^^^^^^^^^^^^^^^^^^^^^^^^^^^^^^^^^^^^
  File "/home/airflow/.local/lib/python3.11/site-packages/airflow/utils/email.py", line 317, in _get_smtp_connection
    return smtplib.SMTP(host=host, port=port, timeout=timeout)
           ^^^^^^^^^^^^^^^^^^^^^^^^^^^^^^^^^^^^^^^^^^^^^^^^^^^
  File "/usr/local/lib/python3.11/smtplib.py", line 255, in __init__
    (code, msg) = self.connect(host, port)
                  ^^^^^^^^^^^^^^^^^^^^^^^^
  File "/usr/local/lib/python3.11/smtplib.py", line 341, in connect
    self.sock = self._get_socket(host, port, self.timeout)
                ^^^^^^^^^^^^^^^^^^^^^^^^^^^^^^^^^^^^^^^^^^
  File "/usr/local/lib/python3.11/smtplib.py", line 312, in _get_socket
    return socket.create_connection((host, port), timeout,
           ^^^^^^^^^^^^^^^^^^^^^^^^^^^^^^^^^^^^^^^^^^^^^^^
  File "/usr/local/lib/python3.11/socket.py", line 851, in create_connection
    raise exceptions[0]
  File "/usr/local/lib/python3.11/socket.py", line 836, in create_connection
    sock.connect(sa)
ConnectionRefusedError: [Errno 111] Connection refused

During handling of the above exception, another exception occurred:

Traceback (most recent call last):
  File "/home/airflow/.local/lib/python3.11/site-packages/airflow/models/taskinstance.py", line 877, in _handle_failure
    task_instance.email_alert(error, failure_context["task"])
  File "/home/airflow/.local/lib/python3.11/site-packages/airflow/models/taskinstance.py", line 3163, in email_alert
    _email_alert(task_instance=self, exception=exception, task=task)
  File "/home/airflow/.local/lib/python3.11/site-packages/airflow/models/taskinstance.py", line 1065, in _email_alert
    send_email(task.email, subject, html_content_err)
  File "/home/airflow/.local/lib/python3.11/site-packages/airflow/utils/email.py", line 80, in send_email
    return backend(
           ^^^^^^^^
  File "/home/airflow/.local/lib/python3.11/site-packages/airflow/utils/email.py", line 154, in send_email_smtp
    send_mime_email(e_from=mail_from, e_to=recipients, mime_msg=msg, conn_id=conn_id, dryrun=dryrun)
  File "/home/airflow/.local/lib/python3.11/site-packages/airflow/utils/email.py", line 273, in send_mime_email
    smtp_conn = _get_smtp_connection(smtp_host, smtp_port, smtp_timeout, smtp_ssl)
                ^^^^^^^^^^^^^^^^^^^^^^^^^^^^^^^^^^^^^^^^^^^^^^^^^^^^^^^^^^^^^^^^^^
  File "/home/airflow/.local/lib/python3.11/site-packages/airflow/utils/email.py", line 317, in _get_smtp_connection
    return smtplib.SMTP(host=host, port=port, timeout=timeout)
           ^^^^^^^^^^^^^^^^^^^^^^^^^^^^^^^^^^^^^^^^^^^^^^^^^^^
  File "/usr/local/lib/python3.11/smtplib.py", line 255, in __init__
    (code, msg) = self.connect(host, port)
                  ^^^^^^^^^^^^^^^^^^^^^^^^
  File "/usr/local/lib/python3.11/smtplib.py", line 341, in connect
    self.sock = self._get_socket(host, port, self.timeout)
                ^^^^^^^^^^^^^^^^^^^^^^^^^^^^^^^^^^^^^^^^^^
  File "/usr/local/lib/python3.11/smtplib.py", line 312, in _get_socket
    return socket.create_connection((host, port), timeout,
           ^^^^^^^^^^^^^^^^^^^^^^^^^^^^^^^^^^^^^^^^^^^^^^^
  File "/usr/local/lib/python3.11/socket.py", line 851, in create_connection
    raise exceptions[0]
  File "/usr/local/lib/python3.11/socket.py", line 836, in create_connection
    sock.connect(sa)
ConnectionRefusedError: [Errno 111] Connection refused
[2026-03-23T15:06:18.587+0000] {standard_task_runner.py:110} ERROR - Failed to execute job 112 for task clean_occupancy (Step 'clean_occupancy' failed in 01_clean_occupancy.py: [Errno 2] No such file or directory: 'data/raw/UNOHICK_Occupancy_20260227_235408.xlsx'; 179)
[2026-03-23T15:06:18.756+0000] {local_task_job_runner.py:240} INFO - Task exited with return code 1
[2026-03-23T15:06:19.462+0000] {taskinstance.py:3498} INFO - 0 downstream tasks scheduled from follow-on schedule check
[2026-03-23T15:06:19.486+0000] {local_task_job_runner.py:222} INFO - ::endgroup::
