[2026-03-13T15:04:53.124+0000] {local_task_job_runner.py:120} INFO - ::group::Pre task execution logs
[2026-03-13T15:04:53.294+0000] {taskinstance.py:2076} INFO - Dependencies all met for dep_context=non-requeueable deps ti=<TaskInstance: smartstay_hickstead_daily.rescore_fresh manual__2026-03-13T15:04:23.950966+00:00 [queued]>
[2026-03-13T15:04:53.324+0000] {taskinstance.py:2076} INFO - Dependencies all met for dep_context=requeueable deps ti=<TaskInstance: smartstay_hickstead_daily.rescore_fresh manual__2026-03-13T15:04:23.950966+00:00 [queued]>
[2026-03-13T15:04:53.326+0000] {taskinstance.py:2306} INFO - Starting attempt 1 of 2
[2026-03-13T15:04:53.361+0000] {taskinstance.py:2330} INFO - Executing <Task(PythonOperator): rescore_fresh> on 2026-03-13 15:04:23.950966+00:00
[2026-03-13T15:04:53.371+0000] {standard_task_runner.py:63} INFO - Started process 893 to run task
[2026-03-13T15:04:53.379+0000] {standard_task_runner.py:90} INFO - Running: ['airflow', 'tasks', 'run', 'smartstay_hickstead_daily', 'rescore_fresh', 'manual__2026-03-13T15:04:23.950966+00:00', '--job-id', '66', '--raw', '--subdir', 'DAGS_FOLDER/09_airflow_dag.py', '--cfg-path', '/tmp/tmp4dyu2n5p']
[2026-03-13T15:04:53.385+0000] {standard_task_runner.py:91} INFO - Job 66: Subtask rescore_fresh
[2026-03-13T15:04:53.743+0000] {task_command.py:426} INFO - Running <TaskInstance: smartstay_hickstead_daily.rescore_fresh manual__2026-03-13T15:04:23.950966+00:00 [running]> on host 7c64011c3c54
[2026-03-13T15:04:54.734+0000] {taskinstance.py:2648} INFO - Exporting env vars: AIRFLOW_CTX_DAG_EMAIL='revenue@unhotels.co.uk' AIRFLOW_CTX_DAG_OWNER='smartstay' AIRFLOW_CTX_DAG_ID='smartstay_hickstead_daily' AIRFLOW_CTX_TASK_ID='rescore_fresh' AIRFLOW_CTX_EXECUTION_DATE='2026-03-13T15:04:23.950966+00:00' AIRFLOW_CTX_TRY_NUMBER='1' AIRFLOW_CTX_DAG_RUN_ID='manual__2026-03-13T15:04:23.950966+00:00'
[2026-03-13T15:04:54.736+0000] {taskinstance.py:430} INFO - ::endgroup::
[2026-03-13T15:04:55.447+0000] {daily_rescore.py:511} INFO - ============================================================
[2026-03-13T15:04:55.448+0000] {daily_rescore.py:512} INFO - SmartStay — Daily Re-score
[2026-03-13T15:04:55.449+0000] {daily_rescore.py:513} INFO - Window   : 2026-03-13 → 2026-05-12  (60 days)
[2026-03-13T15:04:55.449+0000] {daily_rescore.py:514} INFO - Dry run  : False
[2026-03-13T15:04:55.450+0000] {daily_rescore.py:515} INFO - ============================================================
[2026-03-13T15:04:55.478+0000] {daily_rescore.py:93} INFO - Latest pickup file: Uno_Hotels_Pickup_13_03_2026.xlsx  (file date: 2026-03-13, staleness: 0d, quality: high)
[2026-03-13T15:04:55.478+0000] {daily_rescore.py:529} INFO - 
[Step 1] Parsing BOB features from Uno_Hotels_Pickup_13_03_2026.xlsx
[2026-03-13T15:04:56.356+0000] {daily_rescore.py:114} INFO -   Pickup file shape: (2557, 14)
[2026-03-13T15:04:56.360+0000] {daily_rescore.py:132} INFO -   Raw file unparseable — falling back to clean_pickup.csv
[2026-03-13T15:04:56.377+0000] {daily_rescore.py:533} INFO - 
[Step 2] Building feature matrix (2026-03-13 → 2026-05-12)
[2026-03-13T15:04:56.389+0000] {daily_rescore.py:176} INFO -   Rescore window: 61 dates (2026-03-13 → 2026-05-12)
[2026-03-13T15:04:56.397+0000] {daily_rescore.py:195} INFO -   BOB features matched: 61/61 dates
[2026-03-13T15:04:56.402+0000] {daily_rescore.py:537} INFO - 
[Step 3] Loading production model
[2026-03-13T15:04:57.952+0000] {daily_rescore.py:250} INFO -   Model loaded: gbm_model.joblib
[2026-03-13T15:04:57.953+0000] {daily_rescore.py:252} INFO -   RF loaded:    rf_model.joblib
[2026-03-13T15:04:57.953+0000] {daily_rescore.py:541} INFO - 
[Step 4] Running Stage 1 + Stage 2 predictions
[2026-03-13T15:04:58.007+0000] {daily_rescore.py:545} INFO - 
[Step 5] Assembling output + rate recommendations
[2026-03-13T15:04:58.014+0000] {daily_rescore.py:549} INFO - 
[Step 6] Writing results (dry_run=False)
[2026-03-13T15:04:58.089+0000] {taskinstance.py:441} INFO - ::group::Post task execution logs
[2026-03-13T15:04:58.090+0000] {taskinstance.py:2905} ERROR - Task failed with exception
Traceback (most recent call last):
  File "/home/airflow/.local/lib/python3.11/site-packages/airflow/models/taskinstance.py", line 460, in _execute_task
    result = _execute_callable(context=context, **execute_callable_kwargs)
             ^^^^^^^^^^^^^^^^^^^^^^^^^^^^^^^^^^^^^^^^^^^^^^^^^^^^^^^^^^^^^
  File "/home/airflow/.local/lib/python3.11/site-packages/airflow/models/taskinstance.py", line 432, in _execute_callable
    return execute_callable(context=context, **execute_callable_kwargs)
           ^^^^^^^^^^^^^^^^^^^^^^^^^^^^^^^^^^^^^^^^^^^^^^^^^^^^^^^^^^^^
  File "/home/airflow/.local/lib/python3.11/site-packages/airflow/models/baseoperator.py", line 400, in wrapper
    return func(self, *args, **kwargs)
           ^^^^^^^^^^^^^^^^^^^^^^^^^^^
  File "/home/airflow/.local/lib/python3.11/site-packages/airflow/operators/python.py", line 235, in execute
    return_value = self.execute_callable()
                   ^^^^^^^^^^^^^^^^^^^^^^^
  File "/home/airflow/.local/lib/python3.11/site-packages/airflow/operators/python.py", line 252, in execute_callable
    return self.python_callable(*self.op_args, **self.op_kwargs)
           ^^^^^^^^^^^^^^^^^^^^^^^^^^^^^^^^^^^^^^^^^^^^^^^^^^^^^
  File "/opt/airflow/dags/09_airflow_dag.py", line 109, in run_rescore
    result = main(days=60, dry_run=False)
             ^^^^^^^^^^^^^^^^^^^^^^^^^^^^
  File "/opt/smartstay/scripts/daily_rescore.py", line 550, in main
    rows_written = write_to_db(out, run_id, dry_run)
                   ^^^^^^^^^^^^^^^^^^^^^^^^^^^^^^^^^
  File "/opt/smartstay/scripts/daily_rescore.py", line 443, in write_to_db
    cur.execute("""
psycopg2.errors.UniqueViolation: duplicate key value violates unique constraint "predictions_date_unique"
DETAIL:  Key (date)=(2026-03-14) already exists.

[2026-03-13T15:04:58.170+0000] {taskinstance.py:1206} INFO - Marking task as UP_FOR_RETRY. dag_id=smartstay_hickstead_daily, task_id=rescore_fresh, run_id=manual__2026-03-13T15:04:23.950966+00:00, execution_date=20260313T150423, start_date=20260313T150453, end_date=20260313T150458
[2026-03-13T15:04:58.196+0000] {configuration.py:1050} WARNING - section/key [smtp/smtp_user] not found in config
[2026-03-13T15:04:58.197+0000] {email.py:271} INFO - Email alerting: attempt 1
[2026-03-13T15:04:58.258+0000] {configuration.py:1050} WARNING - section/key [smtp/smtp_user] not found in config
[2026-03-13T15:04:58.259+0000] {email.py:271} INFO - Email alerting: attempt 1
[2026-03-13T15:04:58.260+0000] {taskinstance.py:879} ERROR - Failed to send email to: ['revenue@unhotels.co.uk']
Traceback (most recent call last):
  File "/home/airflow/.local/lib/python3.11/site-packages/airflow/models/taskinstance.py", line 2479, in _run_raw_task
    self._execute_task_with_callbacks(context, test_mode, session=session)
  File "/home/airflow/.local/lib/python3.11/site-packages/airflow/models/taskinstance.py", line 2676, in _execute_task_with_callbacks
    result = self._execute_task(context, task_orig)
             ^^^^^^^^^^^^^^^^^^^^^^^^^^^^^^^^^^^^^^
  File "/home/airflow/.local/lib/python3.11/site-packages/airflow/models/taskinstance.py", line 2701, in _execute_task
    return _execute_task(self, context, task_orig)
           ^^^^^^^^^^^^^^^^^^^^^^^^^^^^^^^^^^^^^^^
  File "/home/airflow/.local/lib/python3.11/site-packages/airflow/models/taskinstance.py", line 460, in _execute_task
    result = _execute_callable(context=context, **execute_callable_kwargs)
             ^^^^^^^^^^^^^^^^^^^^^^^^^^^^^^^^^^^^^^^^^^^^^^^^^^^^^^^^^^^^^
  File "/home/airflow/.local/lib/python3.11/site-packages/airflow/models/taskinstance.py", line 432, in _execute_callable
    return execute_callable(context=context, **execute_callable_kwargs)
           ^^^^^^^^^^^^^^^^^^^^^^^^^^^^^^^^^^^^^^^^^^^^^^^^^^^^^^^^^^^^
  File "/home/airflow/.local/lib/python3.11/site-packages/airflow/models/baseoperator.py", line 400, in wrapper
    return func(self, *args, **kwargs)
           ^^^^^^^^^^^^^^^^^^^^^^^^^^^
  File "/home/airflow/.local/lib/python3.11/site-packages/airflow/operators/python.py", line 235, in execute
    return_value = self.execute_callable()
                   ^^^^^^^^^^^^^^^^^^^^^^^
  File "/home/airflow/.local/lib/python3.11/site-packages/airflow/operators/python.py", line 252, in execute_callable
    return self.python_callable(*self.op_args, **self.op_kwargs)
           ^^^^^^^^^^^^^^^^^^^^^^^^^^^^^^^^^^^^^^^^^^^^^^^^^^^^^
  File "/opt/airflow/dags/09_airflow_dag.py", line 109, in run_rescore
    result = main(days=60, dry_run=False)
             ^^^^^^^^^^^^^^^^^^^^^^^^^^^^
  File "/opt/smartstay/scripts/daily_rescore.py", line 550, in main
    rows_written = write_to_db(out, run_id, dry_run)
                   ^^^^^^^^^^^^^^^^^^^^^^^^^^^^^^^^^
  File "/opt/smartstay/scripts/daily_rescore.py", line 443, in write_to_db
    cur.execute("""
psycopg2.errors.UniqueViolation: duplicate key value violates unique constraint "predictions_date_unique"
DETAIL:  Key (date)=(2026-03-14) already exists.


During handling of the above exception, another exception occurred:

Traceback (most recent call last):
  File "/home/airflow/.local/lib/python3.11/site-packages/airflow/models/taskinstance.py", line 1063, in _email_alert
    send_email(task.email, subject, html_content)
  File "/home/airflow/.local/lib/python3.11/site-packages/airflow/utils/email.py", line 80, in send_email
    return backend(
           ^^^^^^^^
  File "/home/airflow/.local/lib/python3.11/site-packages/airflow/utils/email.py", line 154, in send_email_smtp
    send_mime_email(e_from=mail_from, e_to=recipients, mime_msg=msg, conn_id=conn_id, dryrun=dryrun)
  File "/home/airflow/.local/lib/python3.11/site-packages/airflow/utils/email.py", line 273, in send_mime_email
    smtp_conn = _get_smtp_connection(smtp_host, smtp_port, smtp_timeout, smtp_ssl)
                ^^^^^^^^^^^^^^^^^^^^^^^^^^^^^^^^^^^^^^^^^^^^^^^^^^^^^^^^^^^^^^^^^^
  File "/home/airflow/.local/lib/python3.11/site-packages/airflow/utils/email.py", line 317, in _get_smtp_connection
    return smtplib.SMTP(host=host, port=port, timeout=timeout)
           ^^^^^^^^^^^^^^^^^^^^^^^^^^^^^^^^^^^^^^^^^^^^^^^^^^^
  File "/usr/local/lib/python3.11/smtplib.py", line 255, in __init__
    (code, msg) = self.connect(host, port)
                  ^^^^^^^^^^^^^^^^^^^^^^^^
  File "/usr/local/lib/python3.11/smtplib.py", line 341, in connect
    self.sock = self._get_socket(host, port, self.timeout)
                ^^^^^^^^^^^^^^^^^^^^^^^^^^^^^^^^^^^^^^^^^^
  File "/usr/local/lib/python3.11/smtplib.py", line 312, in _get_socket
    return socket.create_connection((host, port), timeout,
           ^^^^^^^^^^^^^^^^^^^^^^^^^^^^^^^^^^^^^^^^^^^^^^^
  File "/usr/local/lib/python3.11/socket.py", line 851, in create_connection
    raise exceptions[0]
  File "/usr/local/lib/python3.11/socket.py", line 836, in create_connection
    sock.connect(sa)
ConnectionRefusedError: [Errno 111] Connection refused

During handling of the above exception, another exception occurred:

Traceback (most recent call last):
  File "/home/airflow/.local/lib/python3.11/site-packages/airflow/models/taskinstance.py", line 877, in _handle_failure
    task_instance.email_alert(error, failure_context["task"])
  File "/home/airflow/.local/lib/python3.11/site-packages/airflow/models/taskinstance.py", line 3163, in email_alert
    _email_alert(task_instance=self, exception=exception, task=task)
  File "/home/airflow/.local/lib/python3.11/site-packages/airflow/models/taskinstance.py", line 1065, in _email_alert
    send_email(task.email, subject, html_content_err)
  File "/home/airflow/.local/lib/python3.11/site-packages/airflow/utils/email.py", line 80, in send_email
    return backend(
           ^^^^^^^^
  File "/home/airflow/.local/lib/python3.11/site-packages/airflow/utils/email.py", line 154, in send_email_smtp
    send_mime_email(e_from=mail_from, e_to=recipients, mime_msg=msg, conn_id=conn_id, dryrun=dryrun)
  File "/home/airflow/.local/lib/python3.11/site-packages/airflow/utils/email.py", line 273, in send_mime_email
    smtp_conn = _get_smtp_connection(smtp_host, smtp_port, smtp_timeout, smtp_ssl)
                ^^^^^^^^^^^^^^^^^^^^^^^^^^^^^^^^^^^^^^^^^^^^^^^^^^^^^^^^^^^^^^^^^^
  File "/home/airflow/.local/lib/python3.11/site-packages/airflow/utils/email.py", line 317, in _get_smtp_connection
    return smtplib.SMTP(host=host, port=port, timeout=timeout)
           ^^^^^^^^^^^^^^^^^^^^^^^^^^^^^^^^^^^^^^^^^^^^^^^^^^^
  File "/usr/local/lib/python3.11/smtplib.py", line 255, in __init__
    (code, msg) = self.connect(host, port)
                  ^^^^^^^^^^^^^^^^^^^^^^^^
  File "/usr/local/lib/python3.11/smtplib.py", line 341, in connect
    self.sock = self._get_socket(host, port, self.timeout)
                ^^^^^^^^^^^^^^^^^^^^^^^^^^^^^^^^^^^^^^^^^^
  File "/usr/local/lib/python3.11/smtplib.py", line 312, in _get_socket
    return socket.create_connection((host, port), timeout,
           ^^^^^^^^^^^^^^^^^^^^^^^^^^^^^^^^^^^^^^^^^^^^^^^
  File "/usr/local/lib/python3.11/socket.py", line 851, in create_connection
    raise exceptions[0]
  File "/usr/local/lib/python3.11/socket.py", line 836, in create_connection
    sock.connect(sa)
ConnectionRefusedError: [Errno 111] Connection refused
[2026-03-13T15:04:58.362+0000] {standard_task_runner.py:110} ERROR - Failed to execute job 66 for task rescore_fresh (duplicate key value violates unique constraint "predictions_date_unique"
DETAIL:  Key (date)=(2026-03-14) already exists.
; 893)
[2026-03-13T15:04:58.538+0000] {local_task_job_runner.py:240} INFO - Task exited with return code 1
[2026-03-13T15:04:58.638+0000] {taskinstance.py:3498} INFO - 0 downstream tasks scheduled from follow-on schedule check
[2026-03-13T15:04:58.645+0000] {local_task_job_runner.py:222} INFO - ::endgroup::
