[2026-03-13T14:12:14.050+0000] {local_task_job_runner.py:120} INFO - ::group::Pre task execution logs
[2026-03-13T14:12:14.248+0000] {taskinstance.py:2076} INFO - Dependencies all met for dep_context=non-requeueable deps ti=<TaskInstance: smartstay_hickstead_daily.check_pickup_file manual__2026-03-13T14:12:12.422744+00:00 [queued]>
[2026-03-13T14:12:14.279+0000] {taskinstance.py:2076} INFO - Dependencies all met for dep_context=requeueable deps ti=<TaskInstance: smartstay_hickstead_daily.check_pickup_file manual__2026-03-13T14:12:12.422744+00:00 [queued]>
[2026-03-13T14:12:14.282+0000] {taskinstance.py:2306} INFO - Starting attempt 1 of 2
[2026-03-13T14:12:14.339+0000] {taskinstance.py:2330} INFO - Executing <Task(BranchPythonOperator): check_pickup_file> on 2026-03-13 14:12:12.422744+00:00
[2026-03-13T14:12:14.361+0000] {standard_task_runner.py:63} INFO - Started process 452 to run task
[2026-03-13T14:12:14.374+0000] {standard_task_runner.py:90} INFO - Running: ['airflow', 'tasks', 'run', 'smartstay_hickstead_daily', 'check_pickup_file', 'manual__2026-03-13T14:12:12.422744+00:00', '--job-id', '38', '--raw', '--subdir', 'DAGS_FOLDER/09_airflow_dag.py', '--cfg-path', '/tmp/tmp7gy4febi']
[2026-03-13T14:12:14.383+0000] {standard_task_runner.py:91} INFO - Job 38: Subtask check_pickup_file
[2026-03-13T14:12:14.836+0000] {task_command.py:426} INFO - Running <TaskInstance: smartstay_hickstead_daily.check_pickup_file manual__2026-03-13T14:12:12.422744+00:00 [running]> on host 2ece018fe502
[2026-03-13T14:12:15.683+0000] {taskinstance.py:2648} INFO - Exporting env vars: AIRFLOW_CTX_DAG_EMAIL='revenue@unhotels.co.uk' AIRFLOW_CTX_DAG_OWNER='smartstay' AIRFLOW_CTX_DAG_ID='smartstay_hickstead_daily' AIRFLOW_CTX_TASK_ID='check_pickup_file' AIRFLOW_CTX_EXECUTION_DATE='2026-03-13T14:12:12.422744+00:00' AIRFLOW_CTX_TRY_NUMBER='1' AIRFLOW_CTX_DAG_RUN_ID='manual__2026-03-13T14:12:12.422744+00:00'
[2026-03-13T14:12:15.685+0000] {taskinstance.py:430} INFO - ::endgroup::
[2026-03-13T14:12:15.715+0000] {baseoperator.py:399} WARNING - BranchPythonOperator.execute cannot be called outside TaskInstance!
[2026-03-13T14:12:16.022+0000] {09_airflow_dag.py:98} INFO - Fresh pickup file found: Uno_Hotels_Pickup_13_03_2026.xlsx
[2026-03-13T14:12:16.144+0000] {python.py:237} INFO - Done. Returned value was: rescore_fresh
[2026-03-13T14:12:16.146+0000] {branch.py:36} INFO - Branch into rescore_fresh
[2026-03-13T14:12:16.147+0000] {skipmixin.py:178} INFO - Following branch rescore_fresh
[2026-03-13T14:12:16.322+0000] {skipmixin.py:246} INFO - Skipping tasks [('rescore_stale', -1)]
[2026-03-13T14:12:16.501+0000] {taskinstance.py:441} INFO - ::group::Post task execution logs
[2026-03-13T14:12:16.682+0000] {taskinstance.py:1206} INFO - Marking task as SUCCESS. dag_id=smartstay_hickstead_daily, task_id=check_pickup_file, run_id=manual__2026-03-13T14:12:12.422744+00:00, execution_date=20260313T141212, start_date=20260313T141214, end_date=20260313T141216
[2026-03-13T14:12:16.768+0000] {local_task_job_runner.py:240} INFO - Task exited with return code 0
[2026-03-13T14:12:16.915+0000] {taskinstance.py:3498} INFO - 1 downstream tasks scheduled from follow-on schedule check
[2026-03-13T14:12:16.921+0000] {local_task_job_runner.py:222} INFO - ::endgroup::
