[2026-03-17T16:59:49.033+0000] {local_task_job_runner.py:120} INFO - ::group::Pre task execution logs
[2026-03-17T16:59:49.348+0000] {taskinstance.py:2076} INFO - Dependencies all met for dep_context=non-requeueable deps ti=<TaskInstance: smartstay_hickstead_daily.check_pickup_file scheduled__2026-03-16T06:00:00+00:00 [queued]>
[2026-03-17T16:59:49.411+0000] {taskinstance.py:2076} INFO - Dependencies all met for dep_context=requeueable deps ti=<TaskInstance: smartstay_hickstead_daily.check_pickup_file scheduled__2026-03-16T06:00:00+00:00 [queued]>
[2026-03-17T16:59:49.412+0000] {taskinstance.py:2306} INFO - Starting attempt 1 of 2
[2026-03-17T16:59:49.509+0000] {taskinstance.py:2330} INFO - Executing <Task(BranchPythonOperator): check_pickup_file> on 2026-03-16 06:00:00+00:00
[2026-03-17T16:59:49.524+0000] {standard_task_runner.py:63} INFO - Started process 191 to run task
[2026-03-17T16:59:49.549+0000] {standard_task_runner.py:90} INFO - Running: ['airflow', 'tasks', 'run', 'smartstay_hickstead_daily', 'check_pickup_file', 'scheduled__2026-03-16T06:00:00+00:00', '--job-id', '81', '--raw', '--subdir', 'DAGS_FOLDER/09_airflow_dag.py', '--cfg-path', '/tmp/tmpx4ziv_3t']
[2026-03-17T16:59:49.578+0000] {standard_task_runner.py:91} INFO - Job 81: Subtask check_pickup_file
[2026-03-17T16:59:50.499+0000] {task_command.py:426} INFO - Running <TaskInstance: smartstay_hickstead_daily.check_pickup_file scheduled__2026-03-16T06:00:00+00:00 [running]> on host 5366d0f75f9a
[2026-03-17T16:59:52.268+0000] {taskinstance.py:2648} INFO - Exporting env vars: AIRFLOW_CTX_DAG_EMAIL='revenue@unhotels.co.uk' AIRFLOW_CTX_DAG_OWNER='smartstay' AIRFLOW_CTX_DAG_ID='smartstay_hickstead_daily' AIRFLOW_CTX_TASK_ID='check_pickup_file' AIRFLOW_CTX_EXECUTION_DATE='2026-03-16T06:00:00+00:00' AIRFLOW_CTX_TRY_NUMBER='1' AIRFLOW_CTX_DAG_RUN_ID='scheduled__2026-03-16T06:00:00+00:00'
[2026-03-17T16:59:52.270+0000] {taskinstance.py:430} INFO - ::endgroup::
[2026-03-17T16:59:52.308+0000] {baseoperator.py:399} WARNING - BranchPythonOperator.execute cannot be called outside TaskInstance!
[2026-03-17T16:59:52.347+0000] {09_airflow_dag.py:102} WARNING - No fresh pickup file today — routing to stale rescore
[2026-03-17T16:59:52.350+0000] {python.py:237} INFO - Done. Returned value was: rescore_stale
[2026-03-17T16:59:52.351+0000] {branch.py:36} INFO - Branch into rescore_stale
[2026-03-17T16:59:52.353+0000] {skipmixin.py:178} INFO - Following branch rescore_stale
[2026-03-17T16:59:52.619+0000] {skipmixin.py:246} INFO - Skipping tasks [('rescore_fresh', -1)]
[2026-03-17T16:59:52.932+0000] {taskinstance.py:441} INFO - ::group::Post task execution logs
[2026-03-17T16:59:53.238+0000] {taskinstance.py:1206} INFO - Marking task as SUCCESS. dag_id=smartstay_hickstead_daily, task_id=check_pickup_file, run_id=scheduled__2026-03-16T06:00:00+00:00, execution_date=20260316T06***, start_date=20260317T165949, end_date=20260317T165953
[2026-03-17T16:59:53.372+0000] {local_task_job_runner.py:240} INFO - Task exited with return code 0
[2026-03-17T16:59:53.622+0000] {taskinstance.py:3498} INFO - 1 downstream tasks scheduled from follow-on schedule check
[2026-03-17T16:59:53.629+0000] {local_task_job_runner.py:222} INFO - ::endgroup::
