[2026-03-17T17:07:16.204+0000] {local_task_job_runner.py:120} INFO - ::group::Pre task execution logs
[2026-03-17T17:07:16.295+0000] {taskinstance.py:2076} INFO - Dependencies all met for dep_context=non-requeueable deps ti=<TaskInstance: smartstay_hickstead_daily.rescore_fresh manual__2026-03-17T17:07:13.589867+00:00 [queued]>
[2026-03-17T17:07:16.313+0000] {taskinstance.py:2076} INFO - Dependencies all met for dep_context=requeueable deps ti=<TaskInstance: smartstay_hickstead_daily.rescore_fresh manual__2026-03-17T17:07:13.589867+00:00 [queued]>
[2026-03-17T17:07:16.317+0000] {taskinstance.py:2306} INFO - Starting attempt 1 of 2
[2026-03-17T17:07:16.334+0000] {taskinstance.py:2330} INFO - Executing <Task(PythonOperator): rescore_fresh> on 2026-03-17 17:07:13.589867+00:00
[2026-03-17T17:07:16.339+0000] {standard_task_runner.py:63} INFO - Started process 381 to run task
[2026-03-17T17:07:16.343+0000] {standard_task_runner.py:90} INFO - Running: ['airflow', 'tasks', 'run', 'smartstay_hickstead_daily', 'rescore_fresh', 'manual__2026-03-17T17:07:13.589867+00:00', '--job-id', '92', '--raw', '--subdir', 'DAGS_FOLDER/09_airflow_dag.py', '--cfg-path', '/tmp/tmpg7mor8rn']
[2026-03-17T17:07:16.346+0000] {standard_task_runner.py:91} INFO - Job 92: Subtask rescore_fresh
[2026-03-17T17:07:16.536+0000] {task_command.py:426} INFO - Running <TaskInstance: smartstay_hickstead_daily.rescore_fresh manual__2026-03-17T17:07:13.589867+00:00 [running]> on host 5366d0f75f9a
[2026-03-17T17:07:16.989+0000] {taskinstance.py:2648} INFO - Exporting env vars: AIRFLOW_CTX_DAG_EMAIL='revenue@unhotels.co.uk' AIRFLOW_CTX_DAG_OWNER='smartstay' AIRFLOW_CTX_DAG_ID='smartstay_hickstead_daily' AIRFLOW_CTX_TASK_ID='rescore_fresh' AIRFLOW_CTX_EXECUTION_DATE='2026-03-17T17:07:13.589867+00:00' AIRFLOW_CTX_TRY_NUMBER='1' AIRFLOW_CTX_DAG_RUN_ID='manual__2026-03-17T17:07:13.589867+00:00'
[2026-03-17T17:07:16.991+0000] {taskinstance.py:430} INFO - ::endgroup::
[2026-03-17T17:07:17.461+0000] {daily_rescore.py:511} INFO - ============================================================
[2026-03-17T17:07:17.461+0000] {daily_rescore.py:512} INFO - SmartStay — Daily Re-score
[2026-03-17T17:07:17.461+0000] {daily_rescore.py:513} INFO - Window   : 2026-03-17 → 2026-05-16  (60 days)
[2026-03-17T17:07:17.462+0000] {daily_rescore.py:514} INFO - Dry run  : False
[2026-03-17T17:07:17.462+0000] {daily_rescore.py:515} INFO - ============================================================
[2026-03-17T17:07:17.478+0000] {daily_rescore.py:93} INFO - Latest pickup file: Uno_Hotels_Pickup_16_03_2026.xlsx  (file date: 2026-03-17, staleness: 0d, quality: high)
[2026-03-17T17:07:17.479+0000] {daily_rescore.py:529} INFO - 
[Step 1] Parsing BOB features from Uno_Hotels_Pickup_16_03_2026.xlsx
[2026-03-17T17:07:18.260+0000] {daily_rescore.py:114} INFO -   Pickup file shape: (2557, 14)
[2026-03-17T17:07:18.263+0000] {daily_rescore.py:132} INFO -   Raw file unparseable — falling back to clean_pickup.csv
[2026-03-17T17:07:18.279+0000] {daily_rescore.py:533} INFO - 
[Step 2] Building feature matrix (2026-03-17 → 2026-05-16)
[2026-03-17T17:07:18.289+0000] {daily_rescore.py:176} INFO -   Rescore window: 61 dates (2026-03-17 → 2026-05-16)
[2026-03-17T17:07:18.296+0000] {daily_rescore.py:195} INFO -   BOB features matched: 61/61 dates
[2026-03-17T17:07:18.304+0000] {daily_rescore.py:537} INFO - 
[Step 3] Loading production model
[2026-03-17T17:07:20.143+0000] {daily_rescore.py:250} INFO -   Model loaded: gbm_model.joblib
[2026-03-17T17:07:20.143+0000] {daily_rescore.py:252} INFO -   RF loaded:    rf_model.joblib
[2026-03-17T17:07:20.144+0000] {daily_rescore.py:541} INFO - 
[Step 4] Running Stage 1 + Stage 2 predictions
[2026-03-17T17:07:20.205+0000] {daily_rescore.py:545} INFO - 
[Step 5] Assembling output + rate recommendations
[2026-03-17T17:07:20.212+0000] {daily_rescore.py:549} INFO - 
[Step 6] Writing results (dry_run=False)
[2026-03-17T17:07:20.431+0000] {daily_rescore.py:479} INFO -   DB upsert: 61 rows written (run_id=89876173...)
[2026-03-17T17:07:20.453+0000] {daily_rescore.py:496} INFO -   CSV saved → rescore_2026-03-17.csv
[2026-03-17T17:07:20.454+0000] {daily_rescore.py:554} INFO - 
============================================================
[2026-03-17T17:07:20.455+0000] {daily_rescore.py:555} INFO - Re-score COMPLETE
[2026-03-17T17:07:20.456+0000] {daily_rescore.py:556} INFO -   Dates scored   : 61
[2026-03-17T17:07:20.457+0000] {daily_rescore.py:557} INFO -   BOB quality    : high (staleness: 0d)
[2026-03-17T17:07:20.457+0000] {daily_rescore.py:558} INFO -   Rows in DB     : 61
[2026-03-17T17:07:20.458+0000] {daily_rescore.py:559} INFO -   Avg predicted  : 51.3%
[2026-03-17T17:07:20.460+0000] {daily_rescore.py:560} INFO -   Rate tiers     : {'value': 31, 'promotional': 26, 'standard': 4}
[2026-03-17T17:07:20.461+0000] {daily_rescore.py:561} INFO - ============================================================
[2026-03-17T17:07:20.463+0000] {09_airflow_dag.py:110} INFO - Rescore result: {'run_id': '89876173-ac4e-4676-afed-1eb08b0cd8c8', 'dates_scored': 61, 'bob_quality': 'high', 'rows_written': 61, 'avg_predicted_occ': 0.5131}
[2026-03-17T17:07:20.464+0000] {python.py:237} INFO - Done. Returned value was: {'run_id': '89876173-ac4e-4676-afed-1eb08b0cd8c8', 'dates_scored': 61, 'bob_quality': 'high', 'rows_written': 61, 'avg_predicted_occ': 0.5131}
[2026-03-17T17:07:20.464+0000] {taskinstance.py:441} INFO - ::group::Post task execution logs
[2026-03-17T17:07:20.703+0000] {taskinstance.py:1206} INFO - Marking task as SUCCESS. dag_id=smartstay_hickstead_daily, task_id=rescore_fresh, run_id=manual__2026-03-17T17:07:13.589867+00:00, execution_date=20260317T170713, start_date=20260317T170716, end_date=20260317T170720
[2026-03-17T17:07:20.824+0000] {local_task_job_runner.py:240} INFO - Task exited with return code 0
[2026-03-17T17:07:21.010+0000] {taskinstance.py:3498} INFO - 0 downstream tasks scheduled from follow-on schedule check
[2026-03-17T17:07:21.035+0000] {local_task_job_runner.py:222} INFO - ::endgroup::
