[2026-03-14T15:03:36.543+0000] {local_task_job_runner.py:120} INFO - ::group::Pre task execution logs
[2026-03-14T15:03:36.575+0000] {taskinstance.py:2076} INFO - Dependencies all met for dep_context=non-requeueable deps ti=<TaskInstance: smartstay_hickstead_daily.rescore_stale scheduled__2026-03-13T06:00:00+00:00 [queued]>
[2026-03-14T15:03:33.346+0000] {taskinstance.py:2076} INFO - Dependencies all met for dep_context=requeueable deps ti=<TaskInstance: smartstay_hickstead_daily.rescore_stale scheduled__2026-03-13T06:00:00+00:00 [queued]>
[2026-03-14T15:03:33.349+0000] {taskinstance.py:2306} INFO - Starting attempt 1 of 2
[2026-03-14T15:03:33.434+0000] {taskinstance.py:2330} INFO - Executing <Task(PythonOperator): rescore_stale> on 2026-03-13 06:00:00+00:00
[2026-03-14T15:03:33.481+0000] {standard_task_runner.py:63} INFO - Started process 1052 to run task
[2026-03-14T15:03:33.517+0000] {standard_task_runner.py:90} INFO - Running: ['airflow', 'tasks', 'run', 'smartstay_hickstead_daily', 'rescore_stale', 'scheduled__2026-03-13T06:00:00+00:00', '--job-id', '71', '--raw', '--subdir', 'DAGS_FOLDER/09_airflow_dag.py', '--cfg-path', '/tmp/tmp67r2_u4u']
[2026-03-14T15:03:33.553+0000] {standard_task_runner.py:91} INFO - Job 71: Subtask rescore_stale
[2026-03-14T15:03:34.347+0000] {task_command.py:426} INFO - Running <TaskInstance: smartstay_hickstead_daily.rescore_stale scheduled__2026-03-13T06:00:00+00:00 [running]> on host 7c64011c3c54
[2026-03-14T15:03:36.219+0000] {taskinstance.py:2648} INFO - Exporting env vars: AIRFLOW_CTX_DAG_EMAIL='revenue@unhotels.co.uk' AIRFLOW_CTX_DAG_OWNER='smartstay' AIRFLOW_CTX_DAG_ID='smartstay_hickstead_daily' AIRFLOW_CTX_TASK_ID='rescore_stale' AIRFLOW_CTX_EXECUTION_DATE='2026-03-13T06:00:00+00:00' AIRFLOW_CTX_TRY_NUMBER='1' AIRFLOW_CTX_DAG_RUN_ID='scheduled__2026-03-13T06:00:00+00:00'
[2026-03-14T15:03:36.222+0000] {taskinstance.py:430} INFO - ::endgroup::
[2026-03-14T15:03:40.040+0000] {daily_rescore.py:511} INFO - ============================================================
[2026-03-14T15:03:40.042+0000] {daily_rescore.py:512} INFO - SmartStay — Daily Re-score
[2026-03-14T15:03:40.043+0000] {daily_rescore.py:513} INFO - Window   : 2026-03-14 → 2026-05-13  (60 days)
[2026-03-14T15:03:40.044+0000] {daily_rescore.py:514} INFO - Dry run  : False
[2026-03-14T15:03:40.045+0000] {daily_rescore.py:515} INFO - ============================================================
[2026-03-14T15:03:40.093+0000] {daily_rescore.py:93} INFO - Latest pickup file: Uno_Hotels_Pickup_13_03_2026.xlsx  (file date: 2026-03-13, staleness: 1d, quality: medium)
[2026-03-14T15:03:40.095+0000] {daily_rescore.py:529} INFO - 
[Step 1] Parsing BOB features from Uno_Hotels_Pickup_13_03_2026.xlsx
[2026-03-14T15:03:45.947+0000] {daily_rescore.py:114} INFO -   Pickup file shape: (2557, 14)
[2026-03-14T15:03:45.951+0000] {daily_rescore.py:132} INFO -   Raw file unparseable — falling back to clean_pickup.csv
[2026-03-14T15:03:46.040+0000] {daily_rescore.py:533} INFO - 
[Step 2] Building feature matrix (2026-03-14 → 2026-05-13)
[2026-03-14T15:03:46.093+0000] {daily_rescore.py:176} INFO -   Rescore window: 61 dates (2026-03-14 → 2026-05-13)
[2026-03-14T15:03:46.146+0000] {daily_rescore.py:195} INFO -   BOB features matched: 61/61 dates
[2026-03-14T15:03:46.181+0000] {daily_rescore.py:537} INFO - 
[Step 3] Loading production model
[2026-03-14T15:03:53.368+0000] {daily_rescore.py:250} INFO -   Model loaded: gbm_model.joblib
[2026-03-14T15:03:53.370+0000] {daily_rescore.py:252} INFO -   RF loaded:    rf_model.joblib
[2026-03-14T15:03:53.371+0000] {daily_rescore.py:541} INFO - 
[Step 4] Running Stage 1 + Stage 2 predictions
[2026-03-14T15:03:53.782+0000] {daily_rescore.py:545} INFO - 
[Step 5] Assembling output + rate recommendations
[2026-03-14T15:03:53.825+0000] {daily_rescore.py:549} INFO - 
[Step 6] Writing results (dry_run=False)
[2026-03-14T15:03:54.176+0000] {daily_rescore.py:479} INFO -   DB upsert: 61 rows written (run_id=7843ca10...)
[2026-03-14T15:03:54.216+0000] {daily_rescore.py:496} INFO -   CSV saved → rescore_2026-03-14.csv
[2026-03-14T15:03:54.218+0000] {daily_rescore.py:554} INFO - 
============================================================
[2026-03-14T15:03:54.220+0000] {daily_rescore.py:555} INFO - Re-score COMPLETE
[2026-03-14T15:03:54.221+0000] {daily_rescore.py:556} INFO -   Dates scored   : 61
[2026-03-14T15:03:54.223+0000] {daily_rescore.py:557} INFO -   BOB quality    : medium (staleness: 1d)
[2026-03-14T15:03:54.227+0000] {daily_rescore.py:558} INFO -   Rows in DB     : 61
[2026-03-14T15:03:54.229+0000] {daily_rescore.py:559} INFO -   Avg predicted  : 50.8%
[2026-03-14T15:03:54.232+0000] {daily_rescore.py:560} INFO -   Rate tiers     : {'value': 30, 'promotional': 27, 'standard': 4}
[2026-03-14T15:03:54.233+0000] {daily_rescore.py:561} INFO - ============================================================
[2026-03-14T15:03:54.236+0000] {09_airflow_dag.py:110} INFO - Rescore result: {'run_id': '7843ca10-3283-4353-8c22-359b82c0f414', 'dates_scored': 61, 'bob_quality': 'medium', 'rows_written': 61, 'avg_predicted_occ': 0.5076}
[2026-03-14T15:03:54.238+0000] {python.py:237} INFO - Done. Returned value was: {'run_id': '7843ca10-3283-4353-8c22-359b82c0f414', 'dates_scored': 61, 'bob_quality': 'medium', 'rows_written': 61, 'avg_predicted_occ': 0.5076}
[2026-03-14T15:03:54.240+0000] {taskinstance.py:441} INFO - ::group::Post task execution logs
[2026-03-14T15:03:54.522+0000] {taskinstance.py:1206} INFO - Marking task as SUCCESS. dag_id=smartstay_hickstead_daily, task_id=rescore_stale, run_id=scheduled__2026-03-13T06:00:00+00:00, execution_date=20260313T06***, start_date=20260314T150336, end_date=20260314T150354
[2026-03-14T15:03:54.702+0000] {local_task_job_runner.py:240} INFO - Task exited with return code 0
[2026-03-14T15:03:54.923+0000] {taskinstance.py:3498} INFO - 0 downstream tasks scheduled from follow-on schedule check
[2026-03-14T15:03:54.937+0000] {local_task_job_runner.py:222} INFO - ::endgroup::
