[2026-03-11T11:44:49.450+0000] {local_task_job_runner.py:120} INFO - ::group::Pre task execution logs
[2026-03-11T11:44:49.596+0000] {taskinstance.py:2076} INFO - Dependencies all met for dep_context=non-requeueable deps ti=<TaskInstance: smartstay_hickstead_daily.check_pickup_file scheduled__2026-03-10T06:00:00+00:00 [queued]>
[2026-03-11T11:44:49.619+0000] {taskinstance.py:2076} INFO - Dependencies all met for dep_context=requeueable deps ti=<TaskInstance: smartstay_hickstead_daily.check_pickup_file scheduled__2026-03-10T06:00:00+00:00 [queued]>
[2026-03-11T11:44:49.620+0000] {taskinstance.py:2306} INFO - Starting attempt 1 of 2
[2026-03-11T11:44:49.653+0000] {taskinstance.py:2330} INFO - Executing <Task(BranchPythonOperator): check_pickup_file> on 2026-03-10 06:00:00+00:00
[2026-03-11T11:44:49.663+0000] {standard_task_runner.py:63} INFO - Started process 233 to run task
[2026-03-11T11:44:49.669+0000] {standard_task_runner.py:90} INFO - Running: ['airflow', 'tasks', 'run', 'smartstay_hickstead_daily', 'check_pickup_file', 'scheduled__2026-03-10T06:00:00+00:00', '--job-id', '3', '--raw', '--subdir', 'DAGS_FOLDER/09_airflow_dag.py', '--cfg-path', '/tmp/tmpa92l0o24']
[2026-03-11T11:44:49.675+0000] {standard_task_runner.py:91} INFO - Job 3: Subtask check_pickup_file
[2026-03-11T11:44:50.112+0000] {task_command.py:426} INFO - Running <TaskInstance: smartstay_hickstead_daily.check_pickup_file scheduled__2026-03-10T06:00:00+00:00 [running]> on host ad6cb0443a5c
[2026-03-11T11:44:50.990+0000] {taskinstance.py:2648} INFO - Exporting env vars: AIRFLOW_CTX_DAG_EMAIL='revenue@unhotels.co.uk' AIRFLOW_CTX_DAG_OWNER='smartstay' AIRFLOW_CTX_DAG_ID='smartstay_hickstead_daily' AIRFLOW_CTX_TASK_ID='check_pickup_file' AIRFLOW_CTX_EXECUTION_DATE='2026-03-10T06:00:00+00:00' AIRFLOW_CTX_TRY_NUMBER='1' AIRFLOW_CTX_DAG_RUN_ID='scheduled__2026-03-10T06:00:00+00:00'
[2026-03-11T11:44:50.992+0000] {taskinstance.py:430} INFO - ::endgroup::
[2026-03-11T11:44:51.031+0000] {baseoperator.py:399} WARNING - BranchPythonOperator.execute cannot be called outside TaskInstance!
[2026-03-11T11:44:51.053+0000] {09_airflow_dag.py:102} WARNING - No fresh pickup file today — routing to stale rescore
[2026-03-11T11:44:51.054+0000] {python.py:237} INFO - Done. Returned value was: rescore_stale
[2026-03-11T11:44:51.055+0000] {branch.py:36} INFO - Branch into rescore_stale
[2026-03-11T11:44:51.056+0000] {skipmixin.py:178} INFO - Following branch rescore_stale
[2026-03-11T11:44:51.218+0000] {skipmixin.py:246} INFO - Skipping tasks [('rescore_fresh', -1)]
[2026-03-11T11:44:51.378+0000] {taskinstance.py:441} INFO - ::group::Post task execution logs
[2026-03-11T11:44:51.525+0000] {taskinstance.py:1206} INFO - Marking task as SUCCESS. dag_id=smartstay_hickstead_daily, task_id=check_pickup_file, run_id=scheduled__2026-03-10T06:00:00+00:00, execution_date=20260310T06***, start_date=20260311T114449, end_date=20260311T114451
[2026-03-11T11:44:51.570+0000] {local_task_job_runner.py:240} INFO - Task exited with return code 0
[2026-03-11T11:44:51.689+0000] {taskinstance.py:3498} INFO - 1 downstream tasks scheduled from follow-on schedule check
[2026-03-11T11:44:51.693+0000] {local_task_job_runner.py:222} INFO - ::endgroup::
