[2026-03-13T15:07:19.674+0000] {local_task_job_runner.py:120} INFO - ::group::Pre task execution logs
[2026-03-13T15:07:19.885+0000] {taskinstance.py:2076} INFO - Dependencies all met for dep_context=non-requeueable deps ti=<TaskInstance: smartstay_hickstead_daily.rescore_fresh manual__2026-03-13T15:07:12.256234+00:00 [queued]>
[2026-03-13T15:07:19.918+0000] {taskinstance.py:2076} INFO - Dependencies all met for dep_context=requeueable deps ti=<TaskInstance: smartstay_hickstead_daily.rescore_fresh manual__2026-03-13T15:07:12.256234+00:00 [queued]>
[2026-03-13T15:07:19.919+0000] {taskinstance.py:2306} INFO - Starting attempt 1 of 2
[2026-03-13T15:07:19.953+0000] {taskinstance.py:2330} INFO - Executing <Task(PythonOperator): rescore_fresh> on 2026-03-13 15:07:12.256234+00:00
[2026-03-13T15:07:19.962+0000] {standard_task_runner.py:63} INFO - Started process 961 to run task
[2026-03-13T15:07:19.971+0000] {standard_task_runner.py:90} INFO - Running: ['airflow', 'tasks', 'run', 'smartstay_hickstead_daily', 'rescore_fresh', 'manual__2026-03-13T15:07:12.256234+00:00', '--job-id', '68', '--raw', '--subdir', 'DAGS_FOLDER/09_airflow_dag.py', '--cfg-path', '/tmp/tmpty6jcogw']
[2026-03-13T15:07:19.977+0000] {standard_task_runner.py:91} INFO - Job 68: Subtask rescore_fresh
[2026-03-13T15:07:20.309+0000] {task_command.py:426} INFO - Running <TaskInstance: smartstay_hickstead_daily.rescore_fresh manual__2026-03-13T15:07:12.256234+00:00 [running]> on host 7c64011c3c54
[2026-03-13T15:07:21.782+0000] {taskinstance.py:2648} INFO - Exporting env vars: AIRFLOW_CTX_DAG_EMAIL='revenue@unhotels.co.uk' AIRFLOW_CTX_DAG_OWNER='smartstay' AIRFLOW_CTX_DAG_ID='smartstay_hickstead_daily' AIRFLOW_CTX_TASK_ID='rescore_fresh' AIRFLOW_CTX_EXECUTION_DATE='2026-03-13T15:07:12.256234+00:00' AIRFLOW_CTX_TRY_NUMBER='1' AIRFLOW_CTX_DAG_RUN_ID='manual__2026-03-13T15:07:12.256234+00:00'
[2026-03-13T15:07:21.784+0000] {taskinstance.py:430} INFO - ::endgroup::
[2026-03-13T15:07:23.345+0000] {daily_rescore.py:511} INFO - ============================================================
[2026-03-13T15:07:23.346+0000] {daily_rescore.py:512} INFO - SmartStay — Daily Re-score
[2026-03-13T15:07:23.346+0000] {daily_rescore.py:513} INFO - Window   : 2026-03-13 → 2026-05-12  (60 days)
[2026-03-13T15:07:23.347+0000] {daily_rescore.py:514} INFO - Dry run  : False
[2026-03-13T15:07:23.348+0000] {daily_rescore.py:515} INFO - ============================================================
[2026-03-13T15:07:23.385+0000] {daily_rescore.py:93} INFO - Latest pickup file: Uno_Hotels_Pickup_13_03_2026.xlsx  (file date: 2026-03-13, staleness: 0d, quality: high)
[2026-03-13T15:07:23.386+0000] {daily_rescore.py:529} INFO - 
[Step 1] Parsing BOB features from Uno_Hotels_Pickup_13_03_2026.xlsx
[2026-03-13T15:07:24.834+0000] {daily_rescore.py:114} INFO -   Pickup file shape: (2557, 14)
[2026-03-13T15:07:24.838+0000] {daily_rescore.py:132} INFO -   Raw file unparseable — falling back to clean_pickup.csv
[2026-03-13T15:07:24.861+0000] {daily_rescore.py:533} INFO - 
[Step 2] Building feature matrix (2026-03-13 → 2026-05-12)
[2026-03-13T15:07:24.875+0000] {daily_rescore.py:176} INFO -   Rescore window: 61 dates (2026-03-13 → 2026-05-12)
[2026-03-13T15:07:24.884+0000] {daily_rescore.py:195} INFO -   BOB features matched: 61/61 dates
[2026-03-13T15:07:24.891+0000] {daily_rescore.py:537} INFO - 
[Step 3] Loading production model
[2026-03-13T15:07:26.728+0000] {daily_rescore.py:250} INFO -   Model loaded: gbm_model.joblib
[2026-03-13T15:07:26.729+0000] {daily_rescore.py:252} INFO -   RF loaded:    rf_model.joblib
[2026-03-13T15:07:26.730+0000] {daily_rescore.py:541} INFO - 
[Step 4] Running Stage 1 + Stage 2 predictions
[2026-03-13T15:07:26.784+0000] {daily_rescore.py:545} INFO - 
[Step 5] Assembling output + rate recommendations
[2026-03-13T15:07:26.791+0000] {daily_rescore.py:549} INFO - 
[Step 6] Writing results (dry_run=False)
[2026-03-13T15:07:26.974+0000] {daily_rescore.py:479} INFO -   DB upsert: 61 rows written (run_id=a1868885...)
[2026-03-13T15:07:26.997+0000] {daily_rescore.py:496} INFO -   CSV saved → rescore_2026-03-13.csv
[2026-03-13T15:07:26.997+0000] {daily_rescore.py:554} INFO - 
============================================================
[2026-03-13T15:07:26.998+0000] {daily_rescore.py:555} INFO - Re-score COMPLETE
[2026-03-13T15:07:26.999+0000] {daily_rescore.py:556} INFO -   Dates scored   : 61
[2026-03-13T15:07:27.000+0000] {daily_rescore.py:557} INFO -   BOB quality    : high (staleness: 0d)
[2026-03-13T15:07:27.000+0000] {daily_rescore.py:558} INFO -   Rows in DB     : 61
[2026-03-13T15:07:27.001+0000] {daily_rescore.py:559} INFO -   Avg predicted  : 50.7%
[2026-03-13T15:07:27.003+0000] {daily_rescore.py:560} INFO -   Rate tiers     : {'value': 30, 'promotional': 27, 'standard': 4}
[2026-03-13T15:07:27.004+0000] {daily_rescore.py:561} INFO - ============================================================
[2026-03-13T15:07:27.006+0000] {09_airflow_dag.py:110} INFO - Rescore result: {'run_id': 'a1868885-54b3-4c40-b4fd-df686dd4f285', 'dates_scored': 61, 'bob_quality': 'high', 'rows_written': 61, 'avg_predicted_occ': 0.5074}
[2026-03-13T15:07:27.007+0000] {python.py:237} INFO - Done. Returned value was: {'run_id': 'a1868885-54b3-4c40-b4fd-df686dd4f285', 'dates_scored': 61, 'bob_quality': 'high', 'rows_written': 61, 'avg_predicted_occ': 0.5074}
[2026-03-13T15:07:27.008+0000] {taskinstance.py:441} INFO - ::group::Post task execution logs
[2026-03-13T15:07:27.145+0000] {taskinstance.py:1206} INFO - Marking task as SUCCESS. dag_id=smartstay_hickstead_daily, task_id=rescore_fresh, run_id=manual__2026-03-13T15:07:12.256234+00:00, execution_date=20260313T150712, start_date=20260313T150719, end_date=20260313T150727
[2026-03-13T15:07:27.238+0000] {local_task_job_runner.py:240} INFO - Task exited with return code 0
[2026-03-13T15:07:27.352+0000] {taskinstance.py:3498} INFO - 0 downstream tasks scheduled from follow-on schedule check
[2026-03-13T15:07:27.362+0000] {local_task_job_runner.py:222} INFO - ::endgroup::
