[2026-03-20T16:52:00.386+0000] {local_task_job_runner.py:120} INFO - ::group::Pre task execution logs
[2026-03-20T16:51:55.461+0000] {taskinstance.py:2076} INFO - Dependencies all met for dep_context=non-requeueable deps ti=<TaskInstance: smartstay_hickstead_daily.rescore_stale scheduled__2026-03-19T06:00:00+00:00 [queued]>
[2026-03-20T16:51:55.594+0000] {taskinstance.py:2076} INFO - Dependencies all met for dep_context=requeueable deps ti=<TaskInstance: smartstay_hickstead_daily.rescore_stale scheduled__2026-03-19T06:00:00+00:00 [queued]>
[2026-03-20T16:51:55.604+0000] {taskinstance.py:2306} INFO - Starting attempt 2 of 2
[2026-03-20T16:51:55.736+0000] {taskinstance.py:2330} INFO - Executing <Task(PythonOperator): rescore_stale> on 2026-03-19 06:00:00+00:00
[2026-03-20T16:51:55.766+0000] {standard_task_runner.py:63} INFO - Started process 12632 to run task
[2026-03-20T16:51:55.797+0000] {standard_task_runner.py:90} INFO - Running: ['airflow', 'tasks', 'run', 'smartstay_hickstead_daily', 'rescore_stale', 'scheduled__2026-03-19T06:00:00+00:00', '--job-id', '106', '--raw', '--subdir', 'DAGS_FOLDER/09_airflow_dag.py', '--cfg-path', '/tmp/tmpghn08m4y']
[2026-03-20T16:51:55.841+0000] {standard_task_runner.py:91} INFO - Job 106: Subtask rescore_stale
[2026-03-20T16:51:56.930+0000] {task_command.py:426} INFO - Running <TaskInstance: smartstay_hickstead_daily.rescore_stale scheduled__2026-03-19T06:00:00+00:00 [running]> on host 5366d0f75f9a
[2026-03-20T16:51:59.341+0000] {taskinstance.py:2648} INFO - Exporting env vars: AIRFLOW_CTX_DAG_EMAIL='revenue@unhotels.co.uk' AIRFLOW_CTX_DAG_OWNER='smartstay' AIRFLOW_CTX_DAG_ID='smartstay_hickstead_daily' AIRFLOW_CTX_TASK_ID='rescore_stale' AIRFLOW_CTX_EXECUTION_DATE='2026-03-19T06:00:00+00:00' AIRFLOW_CTX_TRY_NUMBER='2' AIRFLOW_CTX_DAG_RUN_ID='scheduled__2026-03-19T06:00:00+00:00'
[2026-03-20T16:51:59.352+0000] {taskinstance.py:430} INFO - ::endgroup::
[2026-03-20T16:52:02.028+0000] {daily_rescore.py:511} INFO - ============================================================
[2026-03-20T16:52:02.031+0000] {daily_rescore.py:512} INFO - SmartStay — Daily Re-score
[2026-03-20T16:52:02.032+0000] {daily_rescore.py:513} INFO - Window   : 2026-03-20 → 2026-05-19  (60 days)
[2026-03-20T16:52:02.033+0000] {daily_rescore.py:514} INFO - Dry run  : False
[2026-03-20T16:52:02.034+0000] {daily_rescore.py:515} INFO - ============================================================
[2026-03-20T16:52:02.079+0000] {daily_rescore.py:93} INFO - Latest pickup file: Uno_Hotels_Pickup_16_03_2026.xlsx  (file date: 2026-03-17, staleness: 3d, quality: low)
[2026-03-20T16:52:02.080+0000] {daily_rescore.py:529} INFO - 
[Step 1] Parsing BOB features from Uno_Hotels_Pickup_16_03_2026.xlsx
[2026-03-20T16:52:04.384+0000] {daily_rescore.py:114} INFO -   Pickup file shape: (2557, 14)
[2026-03-20T16:52:04.388+0000] {daily_rescore.py:132} INFO -   Raw file unparseable — falling back to clean_pickup.csv
[2026-03-20T16:52:04.414+0000] {daily_rescore.py:533} INFO - 
[Step 2] Building feature matrix (2026-03-20 → 2026-05-19)
[2026-03-20T16:52:04.430+0000] {daily_rescore.py:176} INFO -   Rescore window: 61 dates (2026-03-20 → 2026-05-19)
[2026-03-20T16:52:04.441+0000] {daily_rescore.py:195} INFO -   BOB features matched: 61/61 dates
[2026-03-20T16:52:04.449+0000] {daily_rescore.py:537} INFO - 
[Step 3] Loading production model
[2026-03-20T16:52:06.403+0000] {taskinstance.py:441} INFO - ::group::Post task execution logs
[2026-03-20T16:52:06.404+0000] {taskinstance.py:2905} ERROR - Task failed with exception
Traceback (most recent call last):
  File "/home/airflow/.local/lib/python3.11/site-packages/airflow/models/taskinstance.py", line 460, in _execute_task
    result = _execute_callable(context=context, **execute_callable_kwargs)
             ^^^^^^^^^^^^^^^^^^^^^^^^^^^^^^^^^^^^^^^^^^^^^^^^^^^^^^^^^^^^^
  File "/home/airflow/.local/lib/python3.11/site-packages/airflow/models/taskinstance.py", line 432, in _execute_callable
    return execute_callable(context=context, **execute_callable_kwargs)
           ^^^^^^^^^^^^^^^^^^^^^^^^^^^^^^^^^^^^^^^^^^^^^^^^^^^^^^^^^^^^
  File "/home/airflow/.local/lib/python3.11/site-packages/airflow/models/baseoperator.py", line 400, in wrapper
    return func(self, *args, **kwargs)
           ^^^^^^^^^^^^^^^^^^^^^^^^^^^
  File "/home/airflow/.local/lib/python3.11/site-packages/airflow/operators/python.py", line 235, in execute
    return_value = self.execute_callable()
                   ^^^^^^^^^^^^^^^^^^^^^^^
  File "/home/airflow/.local/lib/python3.11/site-packages/airflow/operators/python.py", line 252, in execute_callable
    return self.python_callable(*self.op_args, **self.op_kwargs)
           ^^^^^^^^^^^^^^^^^^^^^^^^^^^^^^^^^^^^^^^^^^^^^^^^^^^^^
  File "/opt/airflow/dags/09_airflow_dag.py", line 109, in run_rescore
    result = main(days=60, dry_run=False)
             ^^^^^^^^^^^^^^^^^^^^^^^^^^^^
  File "/opt/smartstay/scripts/daily_rescore.py", line 538, in main
    gbm, rf = load_model()
              ^^^^^^^^^^^^
  File "/opt/smartstay/scripts/daily_rescore.py", line 247, in load_model
    gbm = joblib.load(gbm_path)
          ^^^^^^^^^^^^^^^^^^^^^
  File "/home/airflow/.local/lib/python3.11/site-packages/joblib/numpy_pickle.py", line 749, in load
    obj = _unpickle(
          ^^^^^^^^^^
  File "/home/airflow/.local/lib/python3.11/site-packages/joblib/numpy_pickle.py", line 626, in _unpickle
    obj = unpickler.load()
          ^^^^^^^^^^^^^^^^
  File "/usr/local/lib/python3.11/pickle.py", line 1213, in load
    dispatch[key[0]](self)
  File "/home/airflow/.local/lib/python3.11/site-packages/joblib/numpy_pickle.py", line 462, in load_build
    _array_payload = array_wrapper.read(self, self.ensure_native_byte_order)
                     ^^^^^^^^^^^^^^^^^^^^^^^^^^^^^^^^^^^^^^^^^^^^^^^^^^^^^^^
  File "/home/airflow/.local/lib/python3.11/site-packages/joblib/numpy_pickle.py", line 284, in read
    array = self.read_array(unpickler, ensure_native_byte_order)
            ^^^^^^^^^^^^^^^^^^^^^^^^^^^^^^^^^^^^^^^^^^^^^^^^^^^^
  File "/home/airflow/.local/lib/python3.11/site-packages/joblib/numpy_pickle.py", line 175, in read_array
    array = pickle.load(unpickler.file_handle)
            ^^^^^^^^^^^^^^^^^^^^^^^^^^^^^^^^^^
  File "/home/airflow/.local/lib/python3.11/site-packages/numpy/random/_pickle.py", line 34, in __bit_generator_ctor
    raise ValueError(str(bit_generator_name) + ' is not a known '
ValueError: <class 'numpy.random._mt19937.MT19937'> is not a known BitGenerator module.
[2026-03-20T16:52:06.506+0000] {taskinstance.py:1206} INFO - Marking task as FAILED. dag_id=smartstay_hickstead_daily, task_id=rescore_stale, run_id=scheduled__2026-03-19T06:00:00+00:00, execution_date=20260319T06***, start_date=20260320T165155, end_date=20260320T165206
[2026-03-20T16:52:06.550+0000] {configuration.py:1050} WARNING - section/key [smtp/smtp_user] not found in config
[2026-03-20T16:52:06.551+0000] {email.py:271} INFO - Email alerting: attempt 1
[2026-03-20T16:52:06.629+0000] {configuration.py:1050} WARNING - section/key [smtp/smtp_user] not found in config
[2026-03-20T16:52:06.631+0000] {email.py:271} INFO - Email alerting: attempt 1
[2026-03-20T16:52:06.633+0000] {taskinstance.py:879} ERROR - Failed to send email to: ['revenue@unhotels.co.uk']
Traceback (most recent call last):
  File "/home/airflow/.local/lib/python3.11/site-packages/airflow/models/taskinstance.py", line 2479, in _run_raw_task
    self._execute_task_with_callbacks(context, test_mode, session=session)
  File "/home/airflow/.local/lib/python3.11/site-packages/airflow/models/taskinstance.py", line 2676, in _execute_task_with_callbacks
    result = self._execute_task(context, task_orig)
             ^^^^^^^^^^^^^^^^^^^^^^^^^^^^^^^^^^^^^^
  File "/home/airflow/.local/lib/python3.11/site-packages/airflow/models/taskinstance.py", line 2701, in _execute_task
    return _execute_task(self, context, task_orig)
           ^^^^^^^^^^^^^^^^^^^^^^^^^^^^^^^^^^^^^^^
  File "/home/airflow/.local/lib/python3.11/site-packages/airflow/models/taskinstance.py", line 460, in _execute_task
    result = _execute_callable(context=context, **execute_callable_kwargs)
             ^^^^^^^^^^^^^^^^^^^^^^^^^^^^^^^^^^^^^^^^^^^^^^^^^^^^^^^^^^^^^
  File "/home/airflow/.local/lib/python3.11/site-packages/airflow/models/taskinstance.py", line 432, in _execute_callable
    return execute_callable(context=context, **execute_callable_kwargs)
           ^^^^^^^^^^^^^^^^^^^^^^^^^^^^^^^^^^^^^^^^^^^^^^^^^^^^^^^^^^^^
  File "/home/airflow/.local/lib/python3.11/site-packages/airflow/models/baseoperator.py", line 400, in wrapper
    return func(self, *args, **kwargs)
           ^^^^^^^^^^^^^^^^^^^^^^^^^^^
  File "/home/airflow/.local/lib/python3.11/site-packages/airflow/operators/python.py", line 235, in execute
    return_value = self.execute_callable()
                   ^^^^^^^^^^^^^^^^^^^^^^^
  File "/home/airflow/.local/lib/python3.11/site-packages/airflow/operators/python.py", line 252, in execute_callable
    return self.python_callable(*self.op_args, **self.op_kwargs)
           ^^^^^^^^^^^^^^^^^^^^^^^^^^^^^^^^^^^^^^^^^^^^^^^^^^^^^
  File "/opt/airflow/dags/09_airflow_dag.py", line 109, in run_rescore
    result = main(days=60, dry_run=False)
             ^^^^^^^^^^^^^^^^^^^^^^^^^^^^
  File "/opt/smartstay/scripts/daily_rescore.py", line 538, in main
    gbm, rf = load_model()
              ^^^^^^^^^^^^
  File "/opt/smartstay/scripts/daily_rescore.py", line 247, in load_model
    gbm = joblib.load(gbm_path)
          ^^^^^^^^^^^^^^^^^^^^^
  File "/home/airflow/.local/lib/python3.11/site-packages/joblib/numpy_pickle.py", line 749, in load
    obj = _unpickle(
          ^^^^^^^^^^
  File "/home/airflow/.local/lib/python3.11/site-packages/joblib/numpy_pickle.py", line 626, in _unpickle
    obj = unpickler.load()
          ^^^^^^^^^^^^^^^^
  File "/usr/local/lib/python3.11/pickle.py", line 1213, in load
    dispatch[key[0]](self)
  File "/home/airflow/.local/lib/python3.11/site-packages/joblib/numpy_pickle.py", line 462, in load_build
    _array_payload = array_wrapper.read(self, self.ensure_native_byte_order)
                     ^^^^^^^^^^^^^^^^^^^^^^^^^^^^^^^^^^^^^^^^^^^^^^^^^^^^^^^
  File "/home/airflow/.local/lib/python3.11/site-packages/joblib/numpy_pickle.py", line 284, in read
    array = self.read_array(unpickler, ensure_native_byte_order)
            ^^^^^^^^^^^^^^^^^^^^^^^^^^^^^^^^^^^^^^^^^^^^^^^^^^^^
  File "/home/airflow/.local/lib/python3.11/site-packages/joblib/numpy_pickle.py", line 175, in read_array
    array = pickle.load(unpickler.file_handle)
            ^^^^^^^^^^^^^^^^^^^^^^^^^^^^^^^^^^
  File "/home/airflow/.local/lib/python3.11/site-packages/numpy/random/_pickle.py", line 34, in __bit_generator_ctor
    raise ValueError(str(bit_generator_name) + ' is not a known '
ValueError: <class 'numpy.random._mt19937.MT19937'> is not a known BitGenerator module.

During handling of the above exception, another exception occurred:

Traceback (most recent call last):
  File "/home/airflow/.local/lib/python3.11/site-packages/airflow/models/taskinstance.py", line 1063, in _email_alert
    send_email(task.email, subject, html_content)
  File "/home/airflow/.local/lib/python3.11/site-packages/airflow/utils/email.py", line 80, in send_email
    return backend(
           ^^^^^^^^
  File "/home/airflow/.local/lib/python3.11/site-packages/airflow/utils/email.py", line 154, in send_email_smtp
    send_mime_email(e_from=mail_from, e_to=recipients, mime_msg=msg, conn_id=conn_id, dryrun=dryrun)
  File "/home/airflow/.local/lib/python3.11/site-packages/airflow/utils/email.py", line 273, in send_mime_email
    smtp_conn = _get_smtp_connection(smtp_host, smtp_port, smtp_timeout, smtp_ssl)
                ^^^^^^^^^^^^^^^^^^^^^^^^^^^^^^^^^^^^^^^^^^^^^^^^^^^^^^^^^^^^^^^^^^
  File "/home/airflow/.local/lib/python3.11/site-packages/airflow/utils/email.py", line 317, in _get_smtp_connection
    return smtplib.SMTP(host=host, port=port, timeout=timeout)
           ^^^^^^^^^^^^^^^^^^^^^^^^^^^^^^^^^^^^^^^^^^^^^^^^^^^
  File "/usr/local/lib/python3.11/smtplib.py", line 255, in __init__
    (code, msg) = self.connect(host, port)
                  ^^^^^^^^^^^^^^^^^^^^^^^^
  File "/usr/local/lib/python3.11/smtplib.py", line 341, in connect
    self.sock = self._get_socket(host, port, self.timeout)
                ^^^^^^^^^^^^^^^^^^^^^^^^^^^^^^^^^^^^^^^^^^
  File "/usr/local/lib/python3.11/smtplib.py", line 312, in _get_socket
    return socket.create_connection((host, port), timeout,
           ^^^^^^^^^^^^^^^^^^^^^^^^^^^^^^^^^^^^^^^^^^^^^^^
  File "/usr/local/lib/python3.11/socket.py", line 851, in create_connection
    raise exceptions[0]
  File "/usr/local/lib/python3.11/socket.py", line 836, in create_connection
    sock.connect(sa)
ConnectionRefusedError: [Errno 111] Connection refused

During handling of the above exception, another exception occurred:

Traceback (most recent call last):
  File "/home/airflow/.local/lib/python3.11/site-packages/airflow/models/taskinstance.py", line 877, in _handle_failure
    task_instance.email_alert(error, failure_context["task"])
  File "/home/airflow/.local/lib/python3.11/site-packages/airflow/models/taskinstance.py", line 3163, in email_alert
    _email_alert(task_instance=self, exception=exception, task=task)
  File "/home/airflow/.local/lib/python3.11/site-packages/airflow/models/taskinstance.py", line 1065, in _email_alert
    send_email(task.email, subject, html_content_err)
  File "/home/airflow/.local/lib/python3.11/site-packages/airflow/utils/email.py", line 80, in send_email
    return backend(
           ^^^^^^^^
  File "/home/airflow/.local/lib/python3.11/site-packages/airflow/utils/email.py", line 154, in send_email_smtp
    send_mime_email(e_from=mail_from, e_to=recipients, mime_msg=msg, conn_id=conn_id, dryrun=dryrun)
  File "/home/airflow/.local/lib/python3.11/site-packages/airflow/utils/email.py", line 273, in send_mime_email
    smtp_conn = _get_smtp_connection(smtp_host, smtp_port, smtp_timeout, smtp_ssl)
                ^^^^^^^^^^^^^^^^^^^^^^^^^^^^^^^^^^^^^^^^^^^^^^^^^^^^^^^^^^^^^^^^^^
  File "/home/airflow/.local/lib/python3.11/site-packages/airflow/utils/email.py", line 317, in _get_smtp_connection
    return smtplib.SMTP(host=host, port=port, timeout=timeout)
           ^^^^^^^^^^^^^^^^^^^^^^^^^^^^^^^^^^^^^^^^^^^^^^^^^^^
  File "/usr/local/lib/python3.11/smtplib.py", line 255, in __init__
    (code, msg) = self.connect(host, port)
                  ^^^^^^^^^^^^^^^^^^^^^^^^
  File "/usr/local/lib/python3.11/smtplib.py", line 341, in connect
    self.sock = self._get_socket(host, port, self.timeout)
                ^^^^^^^^^^^^^^^^^^^^^^^^^^^^^^^^^^^^^^^^^^
  File "/usr/local/lib/python3.11/smtplib.py", line 312, in _get_socket
    return socket.create_connection((host, port), timeout,
           ^^^^^^^^^^^^^^^^^^^^^^^^^^^^^^^^^^^^^^^^^^^^^^^
  File "/usr/local/lib/python3.11/socket.py", line 851, in create_connection
    raise exceptions[0]
  File "/usr/local/lib/python3.11/socket.py", line 836, in create_connection
    sock.connect(sa)
ConnectionRefusedError: [Errno 111] Connection refused
[2026-03-20T16:52:06.753+0000] {standard_task_runner.py:110} ERROR - Failed to execute job 106 for task rescore_stale (<class 'numpy.random._mt19937.MT19937'> is not a known BitGenerator module.; 12632)
[2026-03-20T16:52:06.813+0000] {local_task_job_runner.py:240} INFO - Task exited with return code 1
[2026-03-20T16:52:07.342+0000] {taskinstance.py:3498} INFO - 0 downstream tasks scheduled from follow-on schedule check
[2026-03-20T16:52:07.355+0000] {local_task_job_runner.py:222} INFO - ::endgroup::
