[2026-03-15T11:42:13.959+0000] {local_task_job_runner.py:120} INFO - ::group::Pre task execution logs
[2026-03-15T11:42:14.208+0000] {taskinstance.py:2076} INFO - Dependencies all met for dep_context=non-requeueable deps ti=<TaskInstance: smartstay_hickstead_daily.rescore_stale scheduled__2026-03-14T06:00:00+00:00 [queued]>
[2026-03-15T11:42:14.255+0000] {taskinstance.py:2076} INFO - Dependencies all met for dep_context=requeueable deps ti=<TaskInstance: smartstay_hickstead_daily.rescore_stale scheduled__2026-03-14T06:00:00+00:00 [queued]>
[2026-03-15T11:42:14.257+0000] {taskinstance.py:2306} INFO - Starting attempt 1 of 2
[2026-03-15T11:42:14.320+0000] {taskinstance.py:2330} INFO - Executing <Task(PythonOperator): rescore_stale> on 2026-03-14 06:00:00+00:00
[2026-03-15T11:42:14.342+0000] {standard_task_runner.py:63} INFO - Started process 1313 to run task
[2026-03-15T11:42:14.353+0000] {standard_task_runner.py:90} INFO - Running: ['airflow', 'tasks', 'run', 'smartstay_hickstead_daily', 'rescore_stale', 'scheduled__2026-03-14T06:00:00+00:00', '--job-id', '74', '--raw', '--subdir', 'DAGS_FOLDER/09_airflow_dag.py', '--cfg-path', '/tmp/tmphu1u1u_h']
[2026-03-15T11:42:14.363+0000] {standard_task_runner.py:91} INFO - Job 74: Subtask rescore_stale
[2026-03-15T11:42:14.807+0000] {task_command.py:426} INFO - Running <TaskInstance: smartstay_hickstead_daily.rescore_stale scheduled__2026-03-14T06:00:00+00:00 [running]> on host 7c64011c3c54
[2026-03-15T11:42:16.456+0000] {taskinstance.py:2648} INFO - Exporting env vars: AIRFLOW_CTX_DAG_EMAIL='revenue@unhotels.co.uk' AIRFLOW_CTX_DAG_OWNER='smartstay' AIRFLOW_CTX_DAG_ID='smartstay_hickstead_daily' AIRFLOW_CTX_TASK_ID='rescore_stale' AIRFLOW_CTX_EXECUTION_DATE='2026-03-14T06:00:00+00:00' AIRFLOW_CTX_TRY_NUMBER='1' AIRFLOW_CTX_DAG_RUN_ID='scheduled__2026-03-14T06:00:00+00:00'
[2026-03-15T11:42:16.459+0000] {taskinstance.py:430} INFO - ::endgroup::
[2026-03-15T11:42:20.985+0000] {daily_rescore.py:511} INFO - ============================================================
[2026-03-15T11:42:20.987+0000] {daily_rescore.py:512} INFO - SmartStay — Daily Re-score
[2026-03-15T11:42:20.989+0000] {daily_rescore.py:513} INFO - Window   : 2026-03-15 → 2026-05-14  (60 days)
[2026-03-15T11:42:20.992+0000] {daily_rescore.py:514} INFO - Dry run  : False
[2026-03-15T11:42:20.993+0000] {daily_rescore.py:515} INFO - ============================================================
[2026-03-15T11:42:21.045+0000] {daily_rescore.py:93} INFO - Latest pickup file: Uno_Hotels_Pickup_13_03_2026.xlsx  (file date: 2026-03-13, staleness: 2d, quality: medium)
[2026-03-15T11:42:21.048+0000] {daily_rescore.py:529} INFO - 
[Step 1] Parsing BOB features from Uno_Hotels_Pickup_13_03_2026.xlsx
[2026-03-15T11:42:24.681+0000] {daily_rescore.py:114} INFO -   Pickup file shape: (2557, 14)
[2026-03-15T11:42:24.692+0000] {daily_rescore.py:132} INFO -   Raw file unparseable — falling back to clean_pickup.csv
[2026-03-15T11:42:24.813+0000] {daily_rescore.py:533} INFO - 
[Step 2] Building feature matrix (2026-03-15 → 2026-05-14)
[2026-03-15T11:42:24.874+0000] {daily_rescore.py:176} INFO -   Rescore window: 61 dates (2026-03-15 → 2026-05-14)
[2026-03-15T11:42:24.909+0000] {daily_rescore.py:195} INFO -   BOB features matched: 61/61 dates
[2026-03-15T11:42:24.931+0000] {daily_rescore.py:537} INFO - 
[Step 3] Loading production model
[2026-03-15T11:42:28.449+0000] {daily_rescore.py:250} INFO -   Model loaded: gbm_model.joblib
[2026-03-15T11:42:28.452+0000] {daily_rescore.py:252} INFO -   RF loaded:    rf_model.joblib
[2026-03-15T11:42:28.454+0000] {daily_rescore.py:541} INFO - 
[Step 4] Running Stage 1 + Stage 2 predictions
[2026-03-15T11:42:28.727+0000] {daily_rescore.py:545} INFO - 
[Step 5] Assembling output + rate recommendations
[2026-03-15T11:42:28.757+0000] {daily_rescore.py:549} INFO - 
[Step 6] Writing results (dry_run=False)
[2026-03-15T11:42:29.283+0000] {daily_rescore.py:479} INFO -   DB upsert: 61 rows written (run_id=42c85662...)
[2026-03-15T11:42:29.398+0000] {daily_rescore.py:496} INFO -   CSV saved → rescore_2026-03-15.csv
[2026-03-15T11:42:29.401+0000] {daily_rescore.py:554} INFO - 
============================================================
[2026-03-15T11:42:29.404+0000] {daily_rescore.py:555} INFO - Re-score COMPLETE
[2026-03-15T11:42:29.411+0000] {daily_rescore.py:556} INFO -   Dates scored   : 61
[2026-03-15T11:42:29.426+0000] {daily_rescore.py:557} INFO -   BOB quality    : medium (staleness: 2d)
[2026-03-15T11:42:29.430+0000] {daily_rescore.py:558} INFO -   Rows in DB     : 61
[2026-03-15T11:42:29.433+0000] {daily_rescore.py:559} INFO -   Avg predicted  : 50.9%
[2026-03-15T11:42:29.443+0000] {daily_rescore.py:560} INFO -   Rate tiers     : {'value': 30, 'promotional': 27, 'standard': 4}
[2026-03-15T11:42:29.445+0000] {daily_rescore.py:561} INFO - ============================================================
[2026-03-15T11:42:29.461+0000] {09_airflow_dag.py:110} INFO - Rescore result: {'run_id': '42c85662-1d16-4661-b848-2961e43c1d05', 'dates_scored': 61, 'bob_quality': 'medium', 'rows_written': 61, 'avg_predicted_occ': 0.5087}
[2026-03-15T11:42:29.466+0000] {python.py:237} INFO - Done. Returned value was: {'run_id': '42c85662-1d16-4661-b848-2961e43c1d05', 'dates_scored': 61, 'bob_quality': 'medium', 'rows_written': 61, 'avg_predicted_occ': 0.5087}
[2026-03-15T11:42:29.469+0000] {taskinstance.py:441} INFO - ::group::Post task execution logs
[2026-03-15T11:42:29.768+0000] {taskinstance.py:1206} INFO - Marking task as SUCCESS. dag_id=smartstay_hickstead_daily, task_id=rescore_stale, run_id=scheduled__2026-03-14T06:00:00+00:00, execution_date=20260314T06***, start_date=20260315T114214, end_date=20260315T114229
[2026-03-15T11:42:29.933+0000] {local_task_job_runner.py:240} INFO - Task exited with return code 0
[2026-03-15T11:42:30.491+0000] {taskinstance.py:3498} INFO - 0 downstream tasks scheduled from follow-on schedule check
[2026-03-15T11:42:30.496+0000] {local_task_job_runner.py:222} INFO - ::endgroup::
