[2026-03-17T16:59:55.459+0000] {local_task_job_runner.py:120} INFO - ::group::Pre task execution logs
[2026-03-17T16:59:55.997+0000] {taskinstance.py:2076} INFO - Dependencies all met for dep_context=non-requeueable deps ti=<TaskInstance: smartstay_hickstead_daily.rescore_stale scheduled__2026-03-16T06:00:00+00:00 [queued]>
[2026-03-17T16:59:56.081+0000] {taskinstance.py:2076} INFO - Dependencies all met for dep_context=requeueable deps ti=<TaskInstance: smartstay_hickstead_daily.rescore_stale scheduled__2026-03-16T06:00:00+00:00 [queued]>
[2026-03-17T16:59:56.088+0000] {taskinstance.py:2306} INFO - Starting attempt 1 of 2
[2026-03-17T16:59:56.207+0000] {taskinstance.py:2330} INFO - Executing <Task(PythonOperator): rescore_stale> on 2026-03-16 06:00:00+00:00
[2026-03-17T16:59:56.229+0000] {standard_task_runner.py:63} INFO - Started process 200 to run task
[2026-03-17T16:59:56.239+0000] {standard_task_runner.py:90} INFO - Running: ['airflow', 'tasks', 'run', 'smartstay_hickstead_daily', 'rescore_stale', 'scheduled__2026-03-16T06:00:00+00:00', '--job-id', '83', '--raw', '--subdir', 'DAGS_FOLDER/09_airflow_dag.py', '--cfg-path', '/tmp/tmp15cpgap9']
[2026-03-17T16:59:56.258+0000] {standard_task_runner.py:91} INFO - Job 83: Subtask rescore_stale
[2026-03-17T16:59:57.740+0000] {task_command.py:426} INFO - Running <TaskInstance: smartstay_hickstead_daily.rescore_stale scheduled__2026-03-16T06:00:00+00:00 [running]> on host 5366d0f75f9a
[2026-03-17T16:59:58.942+0000] {taskinstance.py:2648} INFO - Exporting env vars: AIRFLOW_CTX_DAG_EMAIL='revenue@unhotels.co.uk' AIRFLOW_CTX_DAG_OWNER='smartstay' AIRFLOW_CTX_DAG_ID='smartstay_hickstead_daily' AIRFLOW_CTX_TASK_ID='rescore_stale' AIRFLOW_CTX_EXECUTION_DATE='2026-03-16T06:00:00+00:00' AIRFLOW_CTX_TRY_NUMBER='1' AIRFLOW_CTX_DAG_RUN_ID='scheduled__2026-03-16T06:00:00+00:00'
[2026-03-17T16:59:58.944+0000] {taskinstance.py:430} INFO - ::endgroup::
[2026-03-17T16:59:59.903+0000] {daily_rescore.py:511} INFO - ============================================================
[2026-03-17T16:59:59.904+0000] {daily_rescore.py:512} INFO - SmartStay — Daily Re-score
[2026-03-17T16:59:59.905+0000] {daily_rescore.py:513} INFO - Window   : 2026-03-17 → 2026-05-16  (60 days)
[2026-03-17T16:59:59.906+0000] {daily_rescore.py:514} INFO - Dry run  : False
[2026-03-17T16:59:59.907+0000] {daily_rescore.py:515} INFO - ============================================================
[2026-03-17T16:59:59.935+0000] {daily_rescore.py:93} INFO - Latest pickup file: Uno_Hotels_Pickup_13_03_2026.xlsx  (file date: 2026-03-13, staleness: 4d, quality: low)
[2026-03-17T16:59:59.936+0000] {daily_rescore.py:529} INFO - 
[Step 1] Parsing BOB features from Uno_Hotels_Pickup_13_03_2026.xlsx
[2026-03-17T17:00:01.416+0000] {daily_rescore.py:114} INFO -   Pickup file shape: (2557, 14)
[2026-03-17T17:00:01.424+0000] {daily_rescore.py:132} INFO -   Raw file unparseable — falling back to clean_pickup.csv
[2026-03-17T17:00:01.540+0000] {daily_rescore.py:533} INFO - 
[Step 2] Building feature matrix (2026-03-17 → 2026-05-16)
[2026-03-17T17:00:01.586+0000] {daily_rescore.py:176} INFO -   Rescore window: 61 dates (2026-03-17 → 2026-05-16)
[2026-03-17T17:00:01.604+0000] {daily_rescore.py:195} INFO -   BOB features matched: 61/61 dates
[2026-03-17T17:00:01.615+0000] {daily_rescore.py:537} INFO - 
[Step 3] Loading production model
[2026-03-17T17:00:05.123+0000] {daily_rescore.py:250} INFO -   Model loaded: gbm_model.joblib
[2026-03-17T17:00:05.124+0000] {daily_rescore.py:252} INFO -   RF loaded:    rf_model.joblib
[2026-03-17T17:00:05.125+0000] {daily_rescore.py:541} INFO - 
[Step 4] Running Stage 1 + Stage 2 predictions
[2026-03-17T17:00:05.203+0000] {daily_rescore.py:545} INFO - 
[Step 5] Assembling output + rate recommendations
[2026-03-17T17:00:05.212+0000] {daily_rescore.py:549} INFO - 
[Step 6] Writing results (dry_run=False)
[2026-03-17T17:00:05.477+0000] {daily_rescore.py:479} INFO -   DB upsert: 61 rows written (run_id=d87fd32b...)
[2026-03-17T17:00:05.519+0000] {daily_rescore.py:496} INFO -   CSV saved → rescore_2026-03-17.csv
[2026-03-17T17:00:05.520+0000] {daily_rescore.py:554} INFO - 
============================================================
[2026-03-17T17:00:05.521+0000] {daily_rescore.py:555} INFO - Re-score COMPLETE
[2026-03-17T17:00:05.522+0000] {daily_rescore.py:556} INFO -   Dates scored   : 61
[2026-03-17T17:00:05.522+0000] {daily_rescore.py:557} INFO -   BOB quality    : low (staleness: 4d)
[2026-03-17T17:00:05.523+0000] {daily_rescore.py:558} INFO -   Rows in DB     : 61
[2026-03-17T17:00:05.524+0000] {daily_rescore.py:559} INFO -   Avg predicted  : 51.3%
[2026-03-17T17:00:05.527+0000] {daily_rescore.py:560} INFO -   Rate tiers     : {'value': 31, 'promotional': 26, 'standard': 4}
[2026-03-17T17:00:05.528+0000] {daily_rescore.py:561} INFO - ============================================================
[2026-03-17T17:00:05.529+0000] {09_airflow_dag.py:110} INFO - Rescore result: {'run_id': 'd87fd32b-a626-4f46-b569-976c7e67333b', 'dates_scored': 61, 'bob_quality': 'low', 'rows_written': 61, 'avg_predicted_occ': 0.5131}
[2026-03-17T17:00:05.530+0000] {python.py:237} INFO - Done. Returned value was: {'run_id': 'd87fd32b-a626-4f46-b569-976c7e67333b', 'dates_scored': 61, 'bob_quality': 'low', 'rows_written': 61, 'avg_predicted_occ': 0.5131}
[2026-03-17T17:00:05.531+0000] {taskinstance.py:441} INFO - ::group::Post task execution logs
[2026-03-17T17:00:05.736+0000] {taskinstance.py:1206} INFO - Marking task as SUCCESS. dag_id=smartstay_hickstead_daily, task_id=rescore_stale, run_id=scheduled__2026-03-16T06:00:00+00:00, execution_date=20260316T06***, start_date=20260317T165956, end_date=20260317T170005
[2026-03-17T17:00:05.841+0000] {local_task_job_runner.py:240} INFO - Task exited with return code 0
[2026-03-17T17:00:06.159+0000] {taskinstance.py:3498} INFO - 0 downstream tasks scheduled from follow-on schedule check
[2026-03-17T17:00:06.167+0000] {local_task_job_runner.py:222} INFO - ::endgroup::
