[2026-03-11T11:37:37.776+0000] {manager.py:470} INFO - Processing files using up to 2 processes at a time 
[2026-03-11T11:37:37.780+0000] {manager.py:471} INFO - Process each file at most once every 30 seconds
[2026-03-11T11:37:37.783+0000] {manager.py:472} INFO - Checking for new files in /opt/airflow/dags every 300 seconds
[2026-03-11T11:37:37.789+0000] {manager.py:737} INFO - Searching for files in /opt/airflow/dags
[2026-03-11T11:37:37.821+0000] {manager.py:740} INFO - There are 1 files in /opt/airflow/dags
[2026-03-11T11:37:38.322+0000] {manager.py:878} INFO - 
================================================================================
DAG File Processing Stats

File Path                              PID  Runtime      # DAGs    # Errors  Last Runtime    Last Run
-----------------------------------  -----  ---------  --------  ----------  --------------  ----------
/opt/airflow/dags/09_airflow_dag.py    170  0.14s             0           0
================================================================================
[2026-03-11T11:38:10.000+0000] {manager.py:878} INFO - 
================================================================================
DAG File Processing Stats

File Path                            PID    Runtime      # DAGs    # Errors  Last Runtime    Last Run
-----------------------------------  -----  ---------  --------  ----------  --------------  -------------------
/opt/airflow/dags/09_airflow_dag.py                           2           0  2.43s           2026-03-11T11:37:40
================================================================================
[2026-03-11T11:42:19.401+0000] {manager.py:470} INFO - Processing files using up to 2 processes at a time 
[2026-03-11T11:42:19.403+0000] {manager.py:471} INFO - Process each file at most once every 30 seconds
[2026-03-11T11:42:19.406+0000] {manager.py:472} INFO - Checking for new files in /opt/airflow/dags every 300 seconds
[2026-03-11T11:42:19.409+0000] {manager.py:737} INFO - Searching for files in /opt/airflow/dags
[2026-03-11T11:42:19.464+0000] {manager.py:740} INFO - There are 1 files in /opt/airflow/dags
[2026-03-11T11:42:19.834+0000] {manager.py:878} INFO - 
================================================================================
DAG File Processing Stats

File Path                              PID  Runtime      # DAGs    # Errors  Last Runtime    Last Run
-----------------------------------  -----  ---------  --------  ----------  --------------  ----------
/opt/airflow/dags/09_airflow_dag.py    177  0.10s             0           0
================================================================================
[2026-03-11T11:42:51.438+0000] {manager.py:878} INFO - 
================================================================================
DAG File Processing Stats

File Path                              PID  Runtime      # DAGs    # Errors  Last Runtime    Last Run
-----------------------------------  -----  ---------  --------  ----------  --------------  -------------------
/opt/airflow/dags/09_airflow_dag.py    188  0.01s             2           0  1.27s           2026-03-11T11:42:20
================================================================================
[2026-03-11T11:43:22.625+0000] {manager.py:878} INFO - 
================================================================================
DAG File Processing Stats

File Path                            PID    Runtime      # DAGs    # Errors  Last Runtime    Last Run
-----------------------------------  -----  ---------  --------  ----------  --------------  -------------------
/opt/airflow/dags/09_airflow_dag.py                           2           0  0.45s           2026-03-11T11:43:22
================================================================================
[2026-03-11T11:43:54.261+0000] {manager.py:878} INFO - 
================================================================================
DAG File Processing Stats

File Path                            PID    Runtime      # DAGs    # Errors  Last Runtime    Last Run
-----------------------------------  -----  ---------  --------  ----------  --------------  -------------------
/opt/airflow/dags/09_airflow_dag.py                           2           0  0.48s           2026-03-11T11:43:53
================================================================================
[2026-03-11T11:44:25.434+0000] {manager.py:878} INFO - 
================================================================================
DAG File Processing Stats

File Path                            PID    Runtime      # DAGs    # Errors  Last Runtime    Last Run
-----------------------------------  -----  ---------  --------  ----------  --------------  -------------------
/opt/airflow/dags/09_airflow_dag.py                           2           0  0.39s           2026-03-11T11:44:24
================================================================================
[2026-03-11T11:44:56.900+0000] {manager.py:878} INFO - 
================================================================================
DAG File Processing Stats

File Path                            PID    Runtime      # DAGs    # Errors  Last Runtime    Last Run
-----------------------------------  -----  ---------  --------  ----------  --------------  -------------------
/opt/airflow/dags/09_airflow_dag.py                           2           0  0.98s           2026-03-11T11:44:55
================================================================================
[2026-03-11T11:45:28.155+0000] {manager.py:878} INFO - 
================================================================================
DAG File Processing Stats

File Path                            PID    Runtime      # DAGs    # Errors  Last Runtime    Last Run
-----------------------------------  -----  ---------  --------  ----------  --------------  -------------------
/opt/airflow/dags/09_airflow_dag.py                           2           0  0.28s           2026-03-11T11:45:27
================================================================================
[2026-03-11T11:45:59.788+0000] {manager.py:878} INFO - 
================================================================================
DAG File Processing Stats

File Path                            PID    Runtime      # DAGs    # Errors  Last Runtime    Last Run
-----------------------------------  -----  ---------  --------  ----------  --------------  -------------------
/opt/airflow/dags/09_airflow_dag.py                           2           0  0.30s           2026-03-11T11:45:57
================================================================================
[2026-03-11T11:46:13.698+0000] {manager.py:452} INFO - Exiting gracefully upon receiving signal 15
