[2026-03-11T11:37:38.268+0000] {processor.py:161} INFO - Started process (PID=170) to work on /opt/airflow/dags/09_airflow_dag.py
[2026-03-11T11:37:38.275+0000] {processor.py:830} INFO - Processing file /opt/airflow/dags/09_airflow_dag.py for tasks to queue
[2026-03-11T11:37:38.281+0000] {logging_mixin.py:188} INFO - [2026-03-11T11:37:38.280+0000] {dagbag.py:545} INFO - Filling up the DagBag from /opt/airflow/dags/09_airflow_dag.py
[2026-03-11T11:37:38.550+0000] {processor.py:840} INFO - DAG(s) 'smartstay_hickstead_daily', 'smartstay_hickstead_retrain' retrieved from /opt/airflow/dags/09_airflow_dag.py
[2026-03-11T11:37:39.850+0000] {logging_mixin.py:188} INFO - [2026-03-11T11:37:39.849+0000] {override.py:1829} INFO - Created Permission View: can delete on DAG:smartstay_hickstead_daily
[2026-03-11T11:37:39.924+0000] {logging_mixin.py:188} INFO - [2026-03-11T11:37:39.923+0000] {override.py:1829} INFO - Created Permission View: can read on DAG:smartstay_hickstead_daily
[2026-03-11T11:37:40.005+0000] {logging_mixin.py:188} INFO - [2026-03-11T11:37:40.005+0000] {override.py:1829} INFO - Created Permission View: can edit on DAG:smartstay_hickstead_daily
[2026-03-11T11:37:40.205+0000] {logging_mixin.py:188} INFO - [2026-03-11T11:37:40.204+0000] {override.py:1829} INFO - Created Permission View: can delete on DAG:smartstay_hickstead_retrain
[2026-03-11T11:37:40.259+0000] {logging_mixin.py:188} INFO - [2026-03-11T11:37:40.258+0000] {override.py:1829} INFO - Created Permission View: can read on DAG:smartstay_hickstead_retrain
[2026-03-11T11:37:40.306+0000] {logging_mixin.py:188} INFO - [2026-03-11T11:37:40.305+0000] {override.py:1829} INFO - Created Permission View: can edit on DAG:smartstay_hickstead_retrain
[2026-03-11T11:37:40.310+0000] {logging_mixin.py:188} INFO - [2026-03-11T11:37:40.309+0000] {dag.py:3096} INFO - Sync 2 DAGs
[2026-03-11T11:37:40.370+0000] {logging_mixin.py:188} INFO - [2026-03-11T11:37:40.370+0000] {dag.py:3118} INFO - Creating ORM DAG for smartstay_hickstead_daily
[2026-03-11T11:37:40.374+0000] {logging_mixin.py:188} INFO - [2026-03-11T11:37:40.373+0000] {dag.py:3118} INFO - Creating ORM DAG for smartstay_hickstead_retrain
[2026-03-11T11:37:40.444+0000] {logging_mixin.py:188} INFO - [2026-03-11T11:37:40.444+0000] {dag.py:3954} INFO - Setting next_dagrun for smartstay_hickstead_daily to 2026-03-10 06:00:00+00:00, run_after=2026-03-11 06:00:00+00:00
[2026-03-11T11:37:40.451+0000] {logging_mixin.py:188} INFO - [2026-03-11T11:37:40.451+0000] {dag.py:3954} INFO - Setting next_dagrun for smartstay_hickstead_retrain to 2026-03-09 07:00:00+00:00, run_after=2026-03-16 07:00:00+00:00
[2026-03-11T11:37:40.560+0000] {processor.py:183} INFO - Processing /opt/airflow/dags/09_airflow_dag.py took 2.310 seconds
[2026-03-11T11:38:11.091+0000] {processor.py:161} INFO - Started process (PID=181) to work on /opt/airflow/dags/09_airflow_dag.py
[2026-03-11T11:38:11.093+0000] {processor.py:830} INFO - Processing file /opt/airflow/dags/09_airflow_dag.py for tasks to queue
[2026-03-11T11:38:11.096+0000] {logging_mixin.py:188} INFO - [2026-03-11T11:38:11.096+0000] {dagbag.py:545} INFO - Filling up the DagBag from /opt/airflow/dags/09_airflow_dag.py
[2026-03-11T11:38:11.208+0000] {processor.py:840} INFO - DAG(s) 'smartstay_hickstead_retrain', 'smartstay_hickstead_daily' retrieved from /opt/airflow/dags/09_airflow_dag.py
[2026-03-11T11:38:11.253+0000] {logging_mixin.py:188} INFO - [2026-03-11T11:38:11.253+0000] {dag.py:3096} INFO - Sync 2 DAGs
[2026-03-11T11:38:11.289+0000] {logging_mixin.py:188} INFO - [2026-03-11T11:38:11.288+0000] {dag.py:3954} INFO - Setting next_dagrun for smartstay_hickstead_daily to 2026-03-10 06:00:00+00:00, run_after=2026-03-11 06:00:00+00:00
[2026-03-11T11:38:11.296+0000] {logging_mixin.py:188} INFO - [2026-03-11T11:38:11.296+0000] {dag.py:3954} INFO - Setting next_dagrun for smartstay_hickstead_retrain to 2026-03-09 07:00:00+00:00, run_after=2026-03-16 07:00:00+00:00
[2026-03-11T11:38:11.339+0000] {processor.py:183} INFO - Processing /opt/airflow/dags/09_airflow_dag.py took 0.259 seconds
[2026-03-11T11:42:19.786+0000] {processor.py:161} INFO - Started process (PID=177) to work on /opt/airflow/dags/09_airflow_dag.py
[2026-03-11T11:42:19.789+0000] {processor.py:830} INFO - Processing file /opt/airflow/dags/09_airflow_dag.py for tasks to queue
[2026-03-11T11:42:19.794+0000] {logging_mixin.py:188} INFO - [2026-03-11T11:42:19.794+0000] {dagbag.py:545} INFO - Filling up the DagBag from /opt/airflow/dags/09_airflow_dag.py
[2026-03-11T11:42:20.022+0000] {processor.py:840} INFO - DAG(s) 'smartstay_hickstead_retrain', 'smartstay_hickstead_daily' retrieved from /opt/airflow/dags/09_airflow_dag.py
[2026-03-11T11:42:20.865+0000] {logging_mixin.py:188} INFO - [2026-03-11T11:42:20.864+0000] {dag.py:3096} INFO - Sync 2 DAGs
[2026-03-11T11:42:20.906+0000] {logging_mixin.py:188} INFO - [2026-03-11T11:42:20.905+0000] {dag.py:3954} INFO - Setting next_dagrun for smartstay_hickstead_daily to 2026-03-10 06:00:00+00:00, run_after=2026-03-11 06:00:00+00:00
[2026-03-11T11:42:20.914+0000] {logging_mixin.py:188} INFO - [2026-03-11T11:42:20.914+0000] {dag.py:3954} INFO - Setting next_dagrun for smartstay_hickstead_retrain to 2026-03-09 07:00:00+00:00, run_after=2026-03-16 07:00:00+00:00
[2026-03-11T11:42:20.977+0000] {processor.py:183} INFO - Processing /opt/airflow/dags/09_airflow_dag.py took 1.205 seconds
[2026-03-11T11:42:51.471+0000] {processor.py:161} INFO - Started process (PID=188) to work on /opt/airflow/dags/09_airflow_dag.py
[2026-03-11T11:42:51.474+0000] {processor.py:830} INFO - Processing file /opt/airflow/dags/09_airflow_dag.py for tasks to queue
[2026-03-11T11:42:51.478+0000] {logging_mixin.py:188} INFO - [2026-03-11T11:42:51.477+0000] {dagbag.py:545} INFO - Filling up the DagBag from /opt/airflow/dags/09_airflow_dag.py
[2026-03-11T11:42:51.602+0000] {processor.py:840} INFO - DAG(s) 'smartstay_hickstead_daily', 'smartstay_hickstead_retrain' retrieved from /opt/airflow/dags/09_airflow_dag.py
[2026-03-11T11:42:51.646+0000] {logging_mixin.py:188} INFO - [2026-03-11T11:42:51.646+0000] {dag.py:3096} INFO - Sync 2 DAGs
[2026-03-11T11:42:51.682+0000] {logging_mixin.py:188} INFO - [2026-03-11T11:42:51.682+0000] {dag.py:3954} INFO - Setting next_dagrun for smartstay_hickstead_daily to 2026-03-10 06:00:00+00:00, run_after=2026-03-11 06:00:00+00:00
[2026-03-11T11:42:51.689+0000] {logging_mixin.py:188} INFO - [2026-03-11T11:42:51.689+0000] {dag.py:3954} INFO - Setting next_dagrun for smartstay_hickstead_retrain to 2026-03-09 07:00:00+00:00, run_after=2026-03-16 07:00:00+00:00
[2026-03-11T11:42:51.889+0000] {processor.py:183} INFO - Processing /opt/airflow/dags/09_airflow_dag.py took 0.430 seconds
[2026-03-11T11:43:22.201+0000] {processor.py:161} INFO - Started process (PID=199) to work on /opt/airflow/dags/09_airflow_dag.py
[2026-03-11T11:43:22.203+0000] {processor.py:830} INFO - Processing file /opt/airflow/dags/09_airflow_dag.py for tasks to queue
[2026-03-11T11:43:22.206+0000] {logging_mixin.py:188} INFO - [2026-03-11T11:43:22.206+0000] {dagbag.py:545} INFO - Filling up the DagBag from /opt/airflow/dags/09_airflow_dag.py
[2026-03-11T11:43:22.319+0000] {processor.py:840} INFO - DAG(s) 'smartstay_hickstead_retrain', 'smartstay_hickstead_daily' retrieved from /opt/airflow/dags/09_airflow_dag.py
[2026-03-11T11:43:22.366+0000] {logging_mixin.py:188} INFO - [2026-03-11T11:43:22.366+0000] {dag.py:3096} INFO - Sync 2 DAGs
[2026-03-11T11:43:22.558+0000] {logging_mixin.py:188} INFO - [2026-03-11T11:43:22.558+0000] {dag.py:3954} INFO - Setting next_dagrun for smartstay_hickstead_daily to 2026-03-10 06:00:00+00:00, run_after=2026-03-11 06:00:00+00:00
[2026-03-11T11:43:22.565+0000] {logging_mixin.py:188} INFO - [2026-03-11T11:43:22.565+0000] {dag.py:3954} INFO - Setting next_dagrun for smartstay_hickstead_retrain to 2026-03-09 07:00:00+00:00, run_after=2026-03-16 07:00:00+00:00
[2026-03-11T11:43:22.606+0000] {processor.py:183} INFO - Processing /opt/airflow/dags/09_airflow_dag.py took 0.415 seconds
[2026-03-11T11:43:53.085+0000] {processor.py:161} INFO - Started process (PID=210) to work on /opt/airflow/dags/09_airflow_dag.py
[2026-03-11T11:43:53.087+0000] {processor.py:830} INFO - Processing file /opt/airflow/dags/09_airflow_dag.py for tasks to queue
[2026-03-11T11:43:53.091+0000] {logging_mixin.py:188} INFO - [2026-03-11T11:43:53.090+0000] {dagbag.py:545} INFO - Filling up the DagBag from /opt/airflow/dags/09_airflow_dag.py
[2026-03-11T11:43:53.406+0000] {processor.py:840} INFO - DAG(s) 'smartstay_hickstead_daily', 'smartstay_hickstead_retrain' retrieved from /opt/airflow/dags/09_airflow_dag.py
[2026-03-11T11:43:53.443+0000] {logging_mixin.py:188} INFO - [2026-03-11T11:43:53.443+0000] {dag.py:3096} INFO - Sync 2 DAGs
[2026-03-11T11:43:53.473+0000] {logging_mixin.py:188} INFO - [2026-03-11T11:43:53.473+0000] {dag.py:3954} INFO - Setting next_dagrun for smartstay_hickstead_daily to 2026-03-10 06:00:00+00:00, run_after=2026-03-11 06:00:00+00:00
[2026-03-11T11:43:53.480+0000] {logging_mixin.py:188} INFO - [2026-03-11T11:43:53.480+0000] {dag.py:3954} INFO - Setting next_dagrun for smartstay_hickstead_retrain to 2026-03-09 07:00:00+00:00, run_after=2026-03-16 07:00:00+00:00
[2026-03-11T11:43:53.520+0000] {processor.py:183} INFO - Processing /opt/airflow/dags/09_airflow_dag.py took 0.444 seconds
[2026-03-11T11:44:24.057+0000] {processor.py:161} INFO - Started process (PID=221) to work on /opt/airflow/dags/09_airflow_dag.py
[2026-03-11T11:44:24.059+0000] {processor.py:830} INFO - Processing file /opt/airflow/dags/09_airflow_dag.py for tasks to queue
[2026-03-11T11:44:24.063+0000] {logging_mixin.py:188} INFO - [2026-03-11T11:44:24.062+0000] {dagbag.py:545} INFO - Filling up the DagBag from /opt/airflow/dags/09_airflow_dag.py
[2026-03-11T11:44:24.209+0000] {processor.py:840} INFO - DAG(s) 'smartstay_hickstead_retrain', 'smartstay_hickstead_daily' retrieved from /opt/airflow/dags/09_airflow_dag.py
[2026-03-11T11:44:24.267+0000] {logging_mixin.py:188} INFO - [2026-03-11T11:44:24.266+0000] {dag.py:3096} INFO - Sync 2 DAGs
[2026-03-11T11:44:24.313+0000] {logging_mixin.py:188} INFO - [2026-03-11T11:44:24.313+0000] {dag.py:3954} INFO - Setting next_dagrun for smartstay_hickstead_daily to 2026-03-10 06:00:00+00:00, run_after=2026-03-11 06:00:00+00:00
[2026-03-11T11:44:24.322+0000] {logging_mixin.py:188} INFO - [2026-03-11T11:44:24.322+0000] {dag.py:3954} INFO - Setting next_dagrun for smartstay_hickstead_retrain to 2026-03-09 07:00:00+00:00, run_after=2026-03-16 07:00:00+00:00
[2026-03-11T11:44:24.387+0000] {processor.py:183} INFO - Processing /opt/airflow/dags/09_airflow_dag.py took 0.342 seconds
[2026-03-11T11:44:54.907+0000] {processor.py:161} INFO - Started process (PID=236) to work on /opt/airflow/dags/09_airflow_dag.py
[2026-03-11T11:44:54.909+0000] {processor.py:830} INFO - Processing file /opt/airflow/dags/09_airflow_dag.py for tasks to queue
[2026-03-11T11:44:54.914+0000] {logging_mixin.py:188} INFO - [2026-03-11T11:44:54.913+0000] {dagbag.py:545} INFO - Filling up the DagBag from /opt/airflow/dags/09_airflow_dag.py
[2026-03-11T11:44:55.136+0000] {processor.py:840} INFO - DAG(s) 'smartstay_hickstead_daily', 'smartstay_hickstead_retrain' retrieved from /opt/airflow/dags/09_airflow_dag.py
[2026-03-11T11:44:55.341+0000] {logging_mixin.py:188} INFO - [2026-03-11T11:44:55.340+0000] {dag.py:3096} INFO - Sync 2 DAGs
[2026-03-11T11:44:55.557+0000] {logging_mixin.py:188} INFO - [2026-03-11T11:44:55.557+0000] {dag.py:3954} INFO - Setting next_dagrun for smartstay_hickstead_retrain to 2026-03-09 07:00:00+00:00, run_after=2026-03-16 07:00:00+00:00
[2026-03-11T11:44:55.785+0000] {processor.py:183} INFO - Processing /opt/airflow/dags/09_airflow_dag.py took 0.892 seconds
[2026-03-11T11:45:26.881+0000] {processor.py:161} INFO - Started process (PID=262) to work on /opt/airflow/dags/09_airflow_dag.py
[2026-03-11T11:45:26.883+0000] {processor.py:830} INFO - Processing file /opt/airflow/dags/09_airflow_dag.py for tasks to queue
[2026-03-11T11:45:26.885+0000] {logging_mixin.py:188} INFO - [2026-03-11T11:45:26.885+0000] {dagbag.py:545} INFO - Filling up the DagBag from /opt/airflow/dags/09_airflow_dag.py
[2026-03-11T11:45:26.995+0000] {processor.py:840} INFO - DAG(s) 'smartstay_hickstead_retrain', 'smartstay_hickstead_daily' retrieved from /opt/airflow/dags/09_airflow_dag.py
[2026-03-11T11:45:27.038+0000] {logging_mixin.py:188} INFO - [2026-03-11T11:45:27.038+0000] {dag.py:3096} INFO - Sync 2 DAGs
[2026-03-11T11:45:27.119+0000] {processor.py:183} INFO - Processing /opt/airflow/dags/09_airflow_dag.py took 0.246 seconds
[2026-03-11T11:45:57.642+0000] {processor.py:161} INFO - Started process (PID=273) to work on /opt/airflow/dags/09_airflow_dag.py
[2026-03-11T11:45:57.644+0000] {processor.py:830} INFO - Processing file /opt/airflow/dags/09_airflow_dag.py for tasks to queue
[2026-03-11T11:45:57.648+0000] {logging_mixin.py:188} INFO - [2026-03-11T11:45:57.647+0000] {dagbag.py:545} INFO - Filling up the DagBag from /opt/airflow/dags/09_airflow_dag.py
[2026-03-11T11:45:57.761+0000] {processor.py:840} INFO - DAG(s) 'smartstay_hickstead_retrain', 'smartstay_hickstead_daily' retrieved from /opt/airflow/dags/09_airflow_dag.py
[2026-03-11T11:45:57.804+0000] {logging_mixin.py:188} INFO - [2026-03-11T11:45:57.804+0000] {dag.py:3096} INFO - Sync 2 DAGs
[2026-03-11T11:45:57.883+0000] {processor.py:183} INFO - Processing /opt/airflow/dags/09_airflow_dag.py took 0.255 seconds
