[2026-03-17T16:59:48.992+0000] {local_task_job_runner.py:120} INFO - ::group::Pre task execution logs
[2026-03-17T16:59:49.312+0000] {taskinstance.py:2076} INFO - Dependencies all met for dep_context=non-requeueable deps ti=<TaskInstance: smartstay_hickstead_retrain.clean_bookingcom scheduled__2026-03-09T07:00:00+00:00 [queued]>
[2026-03-17T16:59:49.383+0000] {taskinstance.py:2076} INFO - Dependencies all met for dep_context=requeueable deps ti=<TaskInstance: smartstay_hickstead_retrain.clean_bookingcom scheduled__2026-03-09T07:00:00+00:00 [queued]>
[2026-03-17T16:59:49.394+0000] {taskinstance.py:2306} INFO - Starting attempt 1 of 2
[2026-03-17T16:59:49.562+0000] {taskinstance.py:2330} INFO - Executing <Task(PythonOperator): clean_bookingcom> on 2026-03-09 07:00:00+00:00
[2026-03-17T16:59:49.593+0000] {standard_task_runner.py:63} INFO - Started process 193 to run task
[2026-03-17T16:59:49.616+0000] {standard_task_runner.py:90} INFO - Running: ['airflow', 'tasks', 'run', 'smartstay_hickstead_retrain', 'clean_bookingcom', 'scheduled__2026-03-09T07:00:00+00:00', '--job-id', '80', '--raw', '--subdir', 'DAGS_FOLDER/09_airflow_dag.py', '--cfg-path', '/tmp/tmpb6wcid_o']
[2026-03-17T16:59:49.631+0000] {standard_task_runner.py:91} INFO - Job 80: Subtask clean_bookingcom
[2026-03-17T16:59:50.454+0000] {task_command.py:426} INFO - Running <TaskInstance: smartstay_hickstead_retrain.clean_bookingcom scheduled__2026-03-09T07:00:00+00:00 [running]> on host 5366d0f75f9a
[2026-03-17T16:59:52.267+0000] {taskinstance.py:2648} INFO - Exporting env vars: AIRFLOW_CTX_DAG_EMAIL='revenue@unhotels.co.uk' AIRFLOW_CTX_DAG_OWNER='smartstay' AIRFLOW_CTX_DAG_ID='smartstay_hickstead_retrain' AIRFLOW_CTX_TASK_ID='clean_bookingcom' AIRFLOW_CTX_EXECUTION_DATE='2026-03-09T07:00:00+00:00' AIRFLOW_CTX_TRY_NUMBER='1' AIRFLOW_CTX_DAG_RUN_ID='scheduled__2026-03-09T07:00:00+00:00'
[2026-03-17T16:59:52.269+0000] {taskinstance.py:430} INFO - ::endgroup::
[2026-03-17T16:59:54.510+0000] {pipeline.py:38} INFO -   Importing 03_clean_bookingcom.py ...
[2026-03-17T16:59:54.601+0000] {logging_mixin.py:188} INFO - =======================================================
[2026-03-17T16:59:54.604+0000] {logging_mixin.py:188} INFO - SmartStay — Script 03: Clean Booking.com Rates
[2026-03-17T16:59:54.608+0000] {logging_mixin.py:188} INFO - =======================================================
[2026-03-17T16:59:54.613+0000] {logging_mixin.py:188} INFO - 
[1/7] Parsing Overview sheet...
[2026-03-17T16:59:54.661+0000] {taskinstance.py:441} INFO - ::group::Post task execution logs
[2026-03-17T16:59:54.664+0000] {taskinstance.py:2905} ERROR - Task failed with exception
Traceback (most recent call last):
  File "/opt/smartstay/scripts/pipeline.py", line 45, in _run_main
    spec.loader.exec_module(module)
  File "<frozen importlib._bootstrap_external>", line 940, in exec_module
  File "<frozen importlib._bootstrap>", line 241, in _call_with_frames_removed
  File "/opt/smartstay/scripts/03_clean_bookingcom.py", line 35, in <module>
    xl = pd.ExcelFile(FILE_INPUT)
         ^^^^^^^^^^^^^^^^^^^^^^^^
  File "/home/airflow/.local/lib/python3.11/site-packages/pandas/io/excel/_base.py", line 1550, in __init__
    ext = inspect_excel_format(
          ^^^^^^^^^^^^^^^^^^^^^
  File "/home/airflow/.local/lib/python3.11/site-packages/pandas/io/excel/_base.py", line 1402, in inspect_excel_format
    with get_handle(
         ^^^^^^^^^^^
  File "/home/airflow/.local/lib/python3.11/site-packages/pandas/io/common.py", line 882, in get_handle
    handle = open(handle, ioargs.mode)
             ^^^^^^^^^^^^^^^^^^^^^^^^^
FileNotFoundError: [Errno 2] No such file or directory: 'data/raw/the-hickstead-hotel-by-uno_bookingdotcom_lowest_los1_2guests_standard_room_only .xlsx'

The above exception was the direct cause of the following exception:

Traceback (most recent call last):
  File "/home/airflow/.local/lib/python3.11/site-packages/airflow/models/taskinstance.py", line 460, in _execute_task
    result = _execute_callable(context=context, **execute_callable_kwargs)
             ^^^^^^^^^^^^^^^^^^^^^^^^^^^^^^^^^^^^^^^^^^^^^^^^^^^^^^^^^^^^^
  File "/home/airflow/.local/lib/python3.11/site-packages/airflow/models/taskinstance.py", line 432, in _execute_callable
    return execute_callable(context=context, **execute_callable_kwargs)
           ^^^^^^^^^^^^^^^^^^^^^^^^^^^^^^^^^^^^^^^^^^^^^^^^^^^^^^^^^^^^
  File "/home/airflow/.local/lib/python3.11/site-packages/airflow/models/baseoperator.py", line 400, in wrapper
    return func(self, *args, **kwargs)
           ^^^^^^^^^^^^^^^^^^^^^^^^^^^
  File "/home/airflow/.local/lib/python3.11/site-packages/airflow/operators/python.py", line 235, in execute
    return_value = self.execute_callable()
                   ^^^^^^^^^^^^^^^^^^^^^^^
  File "/home/airflow/.local/lib/python3.11/site-packages/airflow/operators/python.py", line 252, in execute_callable
    return self.python_callable(*self.op_args, **self.op_kwargs)
           ^^^^^^^^^^^^^^^^^^^^^^^^^^^^^^^^^^^^^^^^^^^^^^^^^^^^^
  File "/opt/airflow/dags/09_airflow_dag.py", line 153, in _run_step
    _run_main(script_name, step_name)
  File "/opt/smartstay/scripts/pipeline.py", line 50, in _run_main
    raise RuntimeError(f"Step '{step_name}' failed in {filename}: {e}") from e
RuntimeError: Step 'clean_bookingcom' failed in 03_clean_bookingcom.py: [Errno 2] No such file or directory: 'data/raw/the-hickstead-hotel-by-uno_bookingdotcom_lowest_los1_2guests_standard_room_only .xlsx'
[2026-03-17T16:59:55.063+0000] {taskinstance.py:1206} INFO - Marking task as UP_FOR_RETRY. dag_id=smartstay_hickstead_retrain, task_id=clean_bookingcom, run_id=scheduled__2026-03-09T07:00:00+00:00, execution_date=20260309T07***, start_date=20260317T165949, end_date=20260317T165955
[2026-03-17T16:59:55.176+0000] {logging_mixin.py:188} WARNING - /home/airflow/.local/lib/python3.11/site-packages/airflow/utils/email.py:154 RemovedInAirflow3Warning: Fetching SMTP credentials from configuration variables will be deprecated in a future release. Please set credentials using a connection instead.
[2026-03-17T16:59:55.179+0000] {configuration.py:1050} WARNING - section/key [smtp/smtp_user] not found in config
[2026-03-17T16:59:55.182+0000] {email.py:271} INFO - Email alerting: attempt 1
[2026-03-17T16:59:55.365+0000] {configuration.py:1050} WARNING - section/key [smtp/smtp_user] not found in config
[2026-03-17T16:59:55.367+0000] {email.py:271} INFO - Email alerting: attempt 1
[2026-03-17T16:59:55.373+0000] {taskinstance.py:879} ERROR - Failed to send email to: ['revenue@unhotels.co.uk']
Traceback (most recent call last):
  File "/opt/smartstay/scripts/pipeline.py", line 45, in _run_main
    spec.loader.exec_module(module)
  File "<frozen importlib._bootstrap_external>", line 940, in exec_module
  File "<frozen importlib._bootstrap>", line 241, in _call_with_frames_removed
  File "/opt/smartstay/scripts/03_clean_bookingcom.py", line 35, in <module>
    xl = pd.ExcelFile(FILE_INPUT)
         ^^^^^^^^^^^^^^^^^^^^^^^^
  File "/home/airflow/.local/lib/python3.11/site-packages/pandas/io/excel/_base.py", line 1550, in __init__
    ext = inspect_excel_format(
          ^^^^^^^^^^^^^^^^^^^^^
  File "/home/airflow/.local/lib/python3.11/site-packages/pandas/io/excel/_base.py", line 1402, in inspect_excel_format
    with get_handle(
         ^^^^^^^^^^^
  File "/home/airflow/.local/lib/python3.11/site-packages/pandas/io/common.py", line 882, in get_handle
    handle = open(handle, ioargs.mode)
             ^^^^^^^^^^^^^^^^^^^^^^^^^
FileNotFoundError: [Errno 2] No such file or directory: 'data/raw/the-hickstead-hotel-by-uno_bookingdotcom_lowest_los1_2guests_standard_room_only .xlsx'

The above exception was the direct cause of the following exception:

Traceback (most recent call last):
  File "/home/airflow/.local/lib/python3.11/site-packages/airflow/models/taskinstance.py", line 2479, in _run_raw_task
    self._execute_task_with_callbacks(context, test_mode, session=session)
  File "/home/airflow/.local/lib/python3.11/site-packages/airflow/models/taskinstance.py", line 2676, in _execute_task_with_callbacks
    result = self._execute_task(context, task_orig)
             ^^^^^^^^^^^^^^^^^^^^^^^^^^^^^^^^^^^^^^
  File "/home/airflow/.local/lib/python3.11/site-packages/airflow/models/taskinstance.py", line 2701, in _execute_task
    return _execute_task(self, context, task_orig)
           ^^^^^^^^^^^^^^^^^^^^^^^^^^^^^^^^^^^^^^^
  File "/home/airflow/.local/lib/python3.11/site-packages/airflow/models/taskinstance.py", line 460, in _execute_task
    result = _execute_callable(context=context, **execute_callable_kwargs)
             ^^^^^^^^^^^^^^^^^^^^^^^^^^^^^^^^^^^^^^^^^^^^^^^^^^^^^^^^^^^^^
  File "/home/airflow/.local/lib/python3.11/site-packages/airflow/models/taskinstance.py", line 432, in _execute_callable
    return execute_callable(context=context, **execute_callable_kwargs)
           ^^^^^^^^^^^^^^^^^^^^^^^^^^^^^^^^^^^^^^^^^^^^^^^^^^^^^^^^^^^^
  File "/home/airflow/.local/lib/python3.11/site-packages/airflow/models/baseoperator.py", line 400, in wrapper
    return func(self, *args, **kwargs)
           ^^^^^^^^^^^^^^^^^^^^^^^^^^^
  File "/home/airflow/.local/lib/python3.11/site-packages/airflow/operators/python.py", line 235, in execute
    return_value = self.execute_callable()
                   ^^^^^^^^^^^^^^^^^^^^^^^
  File "/home/airflow/.local/lib/python3.11/site-packages/airflow/operators/python.py", line 252, in execute_callable
    return self.python_callable(*self.op_args, **self.op_kwargs)
           ^^^^^^^^^^^^^^^^^^^^^^^^^^^^^^^^^^^^^^^^^^^^^^^^^^^^^
  File "/opt/airflow/dags/09_airflow_dag.py", line 153, in _run_step
    _run_main(script_name, step_name)
  File "/opt/smartstay/scripts/pipeline.py", line 50, in _run_main
    raise RuntimeError(f"Step '{step_name}' failed in {filename}: {e}") from e
RuntimeError: Step 'clean_bookingcom' failed in 03_clean_bookingcom.py: [Errno 2] No such file or directory: 'data/raw/the-hickstead-hotel-by-uno_bookingdotcom_lowest_los1_2guests_standard_room_only .xlsx'

During handling of the above exception, another exception occurred:

Traceback (most recent call last):
  File "/home/airflow/.local/lib/python3.11/site-packages/airflow/models/taskinstance.py", line 1063, in _email_alert
    send_email(task.email, subject, html_content)
  File "/home/airflow/.local/lib/python3.11/site-packages/airflow/utils/email.py", line 80, in send_email
    return backend(
           ^^^^^^^^
  File "/home/airflow/.local/lib/python3.11/site-packages/airflow/utils/email.py", line 154, in send_email_smtp
    send_mime_email(e_from=mail_from, e_to=recipients, mime_msg=msg, conn_id=conn_id, dryrun=dryrun)
  File "/home/airflow/.local/lib/python3.11/site-packages/airflow/utils/email.py", line 273, in send_mime_email
    smtp_conn = _get_smtp_connection(smtp_host, smtp_port, smtp_timeout, smtp_ssl)
                ^^^^^^^^^^^^^^^^^^^^^^^^^^^^^^^^^^^^^^^^^^^^^^^^^^^^^^^^^^^^^^^^^^
  File "/home/airflow/.local/lib/python3.11/site-packages/airflow/utils/email.py", line 317, in _get_smtp_connection
    return smtplib.SMTP(host=host, port=port, timeout=timeout)
           ^^^^^^^^^^^^^^^^^^^^^^^^^^^^^^^^^^^^^^^^^^^^^^^^^^^
  File "/usr/local/lib/python3.11/smtplib.py", line 255, in __init__
    (code, msg) = self.connect(host, port)
                  ^^^^^^^^^^^^^^^^^^^^^^^^
  File "/usr/local/lib/python3.11/smtplib.py", line 341, in connect
    self.sock = self._get_socket(host, port, self.timeout)
                ^^^^^^^^^^^^^^^^^^^^^^^^^^^^^^^^^^^^^^^^^^
  File "/usr/local/lib/python3.11/smtplib.py", line 312, in _get_socket
    return socket.create_connection((host, port), timeout,
           ^^^^^^^^^^^^^^^^^^^^^^^^^^^^^^^^^^^^^^^^^^^^^^^
  File "/usr/local/lib/python3.11/socket.py", line 851, in create_connection
    raise exceptions[0]
  File "/usr/local/lib/python3.11/socket.py", line 836, in create_connection
    sock.connect(sa)
ConnectionRefusedError: [Errno 111] Connection refused

During handling of the above exception, another exception occurred:

Traceback (most recent call last):
  File "/home/airflow/.local/lib/python3.11/site-packages/airflow/models/taskinstance.py", line 877, in _handle_failure
    task_instance.email_alert(error, failure_context["task"])
  File "/home/airflow/.local/lib/python3.11/site-packages/airflow/models/taskinstance.py", line 3163, in email_alert
    _email_alert(task_instance=self, exception=exception, task=task)
  File "/home/airflow/.local/lib/python3.11/site-packages/airflow/models/taskinstance.py", line 1065, in _email_alert
    send_email(task.email, subject, html_content_err)
  File "/home/airflow/.local/lib/python3.11/site-packages/airflow/utils/email.py", line 80, in send_email
    return backend(
           ^^^^^^^^
  File "/home/airflow/.local/lib/python3.11/site-packages/airflow/utils/email.py", line 154, in send_email_smtp
    send_mime_email(e_from=mail_from, e_to=recipients, mime_msg=msg, conn_id=conn_id, dryrun=dryrun)
  File "/home/airflow/.local/lib/python3.11/site-packages/airflow/utils/email.py", line 273, in send_mime_email
    smtp_conn = _get_smtp_connection(smtp_host, smtp_port, smtp_timeout, smtp_ssl)
                ^^^^^^^^^^^^^^^^^^^^^^^^^^^^^^^^^^^^^^^^^^^^^^^^^^^^^^^^^^^^^^^^^^
  File "/home/airflow/.local/lib/python3.11/site-packages/airflow/utils/email.py", line 317, in _get_smtp_connection
    return smtplib.SMTP(host=host, port=port, timeout=timeout)
           ^^^^^^^^^^^^^^^^^^^^^^^^^^^^^^^^^^^^^^^^^^^^^^^^^^^
  File "/usr/local/lib/python3.11/smtplib.py", line 255, in __init__
    (code, msg) = self.connect(host, port)
                  ^^^^^^^^^^^^^^^^^^^^^^^^
  File "/usr/local/lib/python3.11/smtplib.py", line 341, in connect
    self.sock = self._get_socket(host, port, self.timeout)
                ^^^^^^^^^^^^^^^^^^^^^^^^^^^^^^^^^^^^^^^^^^
  File "/usr/local/lib/python3.11/smtplib.py", line 312, in _get_socket
    return socket.create_connection((host, port), timeout,
           ^^^^^^^^^^^^^^^^^^^^^^^^^^^^^^^^^^^^^^^^^^^^^^^
  File "/usr/local/lib/python3.11/socket.py", line 851, in create_connection
    raise exceptions[0]
  File "/usr/local/lib/python3.11/socket.py", line 836, in create_connection
    sock.connect(sa)
ConnectionRefusedError: [Errno 111] Connection refused
[2026-03-17T16:59:55.627+0000] {standard_task_runner.py:110} ERROR - Failed to execute job 80 for task clean_bookingcom (Step 'clean_bookingcom' failed in 03_clean_bookingcom.py: [Errno 2] No such file or directory: 'data/raw/the-hickstead-hotel-by-uno_bookingdotcom_lowest_los1_2guests_standard_room_only .xlsx'; 193)
[2026-03-17T16:59:55.861+0000] {local_task_job_runner.py:240} INFO - Task exited with return code 1
[2026-03-17T16:59:56.269+0000] {taskinstance.py:3498} INFO - 0 downstream tasks scheduled from follow-on schedule check
[2026-03-17T16:59:56.282+0000] {local_task_job_runner.py:222} INFO - ::endgroup::
