[2026-03-13T11:49:20.243+0000] {local_task_job_runner.py:120} INFO - ::group::Pre task execution logs
[2026-03-13T11:49:20.370+0000] {taskinstance.py:2076} INFO - Dependencies all met for dep_context=non-requeueable deps ti=<TaskInstance: smartstay_hickstead_daily.check_pickup_file manual__2026-03-11T11:44:54.790986+00:00 [queued]>
[2026-03-13T11:49:20.391+0000] {taskinstance.py:2076} INFO - Dependencies all met for dep_context=requeueable deps ti=<TaskInstance: smartstay_hickstead_daily.check_pickup_file manual__2026-03-11T11:44:54.790986+00:00 [queued]>
[2026-03-13T11:49:20.395+0000] {taskinstance.py:2306} INFO - Starting attempt 1 of 2
[2026-03-13T11:49:20.422+0000] {taskinstance.py:2330} INFO - Executing <Task(BranchPythonOperator): check_pickup_file> on 2026-03-11 11:44:54.790986+00:00
[2026-03-13T11:49:20.432+0000] {standard_task_runner.py:63} INFO - Started process 326 to run task
[2026-03-13T11:49:20.439+0000] {standard_task_runner.py:90} INFO - Running: ['airflow', 'tasks', 'run', 'smartstay_hickstead_daily', 'check_pickup_file', 'manual__2026-03-11T11:44:54.790986+00:00', '--job-id', '23', '--raw', '--subdir', 'DAGS_FOLDER/09_airflow_dag.py', '--cfg-path', '/tmp/tmpz9_h19xl']
[2026-03-13T11:49:20.444+0000] {standard_task_runner.py:91} INFO - Job 23: Subtask check_pickup_file
[2026-03-13T11:49:20.744+0000] {task_command.py:426} INFO - Running <TaskInstance: smartstay_hickstead_daily.check_pickup_file manual__2026-03-11T11:44:54.790986+00:00 [running]> on host a7d4f39ffe1a
[2026-03-13T11:49:21.463+0000] {taskinstance.py:2648} INFO - Exporting env vars: AIRFLOW_CTX_DAG_EMAIL='revenue@unhotels.co.uk' AIRFLOW_CTX_DAG_OWNER='smartstay' AIRFLOW_CTX_DAG_ID='smartstay_hickstead_daily' AIRFLOW_CTX_TASK_ID='check_pickup_file' AIRFLOW_CTX_EXECUTION_DATE='2026-03-11T11:44:54.790986+00:00' AIRFLOW_CTX_TRY_NUMBER='1' AIRFLOW_CTX_DAG_RUN_ID='manual__2026-03-11T11:44:54.790986+00:00'
[2026-03-13T11:49:21.465+0000] {taskinstance.py:430} INFO - ::endgroup::
[2026-03-13T11:49:21.483+0000] {baseoperator.py:399} WARNING - BranchPythonOperator.execute cannot be called outside TaskInstance!
[2026-03-13T11:49:21.501+0000] {09_airflow_dag.py:102} WARNING - No fresh pickup file today — routing to stale rescore
[2026-03-13T11:49:21.502+0000] {python.py:237} INFO - Done. Returned value was: rescore_stale
[2026-03-13T11:49:21.503+0000] {branch.py:36} INFO - Branch into rescore_stale
[2026-03-13T11:49:21.503+0000] {skipmixin.py:178} INFO - Following branch rescore_stale
[2026-03-13T11:49:21.667+0000] {skipmixin.py:246} INFO - Skipping tasks [('rescore_fresh', -1)]
[2026-03-13T11:49:21.866+0000] {taskinstance.py:441} INFO - ::group::Post task execution logs
[2026-03-13T11:49:22.093+0000] {taskinstance.py:1206} INFO - Marking task as SUCCESS. dag_id=smartstay_hickstead_daily, task_id=check_pickup_file, run_id=manual__2026-03-11T11:44:54.790986+00:00, execution_date=20260311T114454, start_date=20260313T114920, end_date=20260313T114922
[2026-03-13T11:49:22.165+0000] {local_task_job_runner.py:240} INFO - Task exited with return code 0
[2026-03-13T11:49:22.296+0000] {taskinstance.py:3498} INFO - 1 downstream tasks scheduled from follow-on schedule check
[2026-03-13T11:49:22.303+0000] {local_task_job_runner.py:222} INFO - ::endgroup::
