[2026-03-23T15:47:13.716+0000] {local_task_job_runner.py:120} INFO - ::group::Pre task execution logs
[2026-03-23T15:47:13.873+0000] {taskinstance.py:2076} INFO - Dependencies all met for dep_context=non-requeueable deps ti=<TaskInstance: smartstay_hickstead_daily.rescore_fresh manual__2026-03-23T15:47:08.493220+00:00 [queued]>
[2026-03-23T15:47:13.903+0000] {taskinstance.py:2076} INFO - Dependencies all met for dep_context=requeueable deps ti=<TaskInstance: smartstay_hickstead_daily.rescore_fresh manual__2026-03-23T15:47:08.493220+00:00 [queued]>
[2026-03-23T15:47:13.905+0000] {taskinstance.py:2306} INFO - Starting attempt 1 of 2
[2026-03-23T15:47:13.944+0000] {taskinstance.py:2330} INFO - Executing <Task(PythonOperator): rescore_fresh> on 2026-03-23 15:47:08.493220+00:00
[2026-03-23T15:47:13.968+0000] {standard_task_runner.py:63} INFO - Started process 211 to run task
[2026-03-23T15:47:13.979+0000] {standard_task_runner.py:90} INFO - Running: ['airflow', 'tasks', 'run', 'smartstay_hickstead_daily', 'rescore_fresh', 'manual__2026-03-23T15:47:08.493220+00:00', '--job-id', '130', '--raw', '--subdir', 'DAGS_FOLDER/09_airflow_dag.py', '--cfg-path', '/tmp/tmpyp9wzvxb']
[2026-03-23T15:47:13.986+0000] {standard_task_runner.py:91} INFO - Job 130: Subtask rescore_fresh
[2026-03-23T15:47:14.232+0000] {task_command.py:426} INFO - Running <TaskInstance: smartstay_hickstead_daily.rescore_fresh manual__2026-03-23T15:47:08.493220+00:00 [running]> on host 730991c5fcbb
[2026-03-23T15:47:14.815+0000] {taskinstance.py:2648} INFO - Exporting env vars: AIRFLOW_CTX_DAG_EMAIL='revenue@unhotels.co.uk' AIRFLOW_CTX_DAG_OWNER='smartstay' AIRFLOW_CTX_DAG_ID='smartstay_hickstead_daily' AIRFLOW_CTX_TASK_ID='rescore_fresh' AIRFLOW_CTX_EXECUTION_DATE='2026-03-23T15:47:08.493220+00:00' AIRFLOW_CTX_TRY_NUMBER='1' AIRFLOW_CTX_DAG_RUN_ID='manual__2026-03-23T15:47:08.493220+00:00'
[2026-03-23T15:47:14.825+0000] {taskinstance.py:430} INFO - ::endgroup::
[2026-03-23T15:47:16.134+0000] {daily_rescore.py:511} INFO - ============================================================
[2026-03-23T15:47:16.136+0000] {daily_rescore.py:512} INFO - SmartStay — Daily Re-score
[2026-03-23T15:47:16.138+0000] {daily_rescore.py:513} INFO - Window   : 2026-03-23 → 2026-05-22  (60 days)
[2026-03-23T15:47:16.139+0000] {daily_rescore.py:514} INFO - Dry run  : False
[2026-03-23T15:47:16.141+0000] {daily_rescore.py:515} INFO - ============================================================
[2026-03-23T15:47:16.198+0000] {daily_rescore.py:93} INFO - Latest pickup file: Uno_Hotels_Pickup_18_03_2026.xlsx  (file date: 2026-03-23, staleness: 0d, quality: high)
[2026-03-23T15:47:16.199+0000] {daily_rescore.py:529} INFO - 
[Step 1] Parsing BOB features from Uno_Hotels_Pickup_18_03_2026.xlsx
[2026-03-23T15:47:15.349+0000] {daily_rescore.py:114} INFO -   Pickup file shape: (2557, 14)
[2026-03-23T15:47:15.353+0000] {daily_rescore.py:132} INFO -   Raw file unparseable — falling back to clean_pickup.csv
[2026-03-23T15:47:15.390+0000] {daily_rescore.py:533} INFO - 
[Step 2] Building feature matrix (2026-03-23 → 2026-05-22)
[2026-03-23T15:47:15.408+0000] {daily_rescore.py:176} INFO -   Rescore window: 61 dates (2026-03-23 → 2026-05-22)
[2026-03-23T15:47:15.420+0000] {daily_rescore.py:195} INFO -   BOB features matched: 61/61 dates
[2026-03-23T15:47:15.428+0000] {daily_rescore.py:537} INFO - 
[Step 3] Loading production model
[2026-03-23T15:47:17.695+0000] {daily_rescore.py:250} INFO -   Model loaded: gbm_model.joblib
[2026-03-23T15:47:17.696+0000] {daily_rescore.py:252} INFO -   RF loaded:    rf_model.joblib
[2026-03-23T15:47:17.697+0000] {daily_rescore.py:541} INFO - 
[Step 4] Running Stage 1 + Stage 2 predictions
[2026-03-23T15:47:17.766+0000] {daily_rescore.py:545} INFO - 
[Step 5] Assembling output + rate recommendations
[2026-03-23T15:47:17.773+0000] {daily_rescore.py:549} INFO - 
[Step 6] Writing results (dry_run=False)
[2026-03-23T15:47:18.025+0000] {daily_rescore.py:479} INFO -   DB upsert: 61 rows written (run_id=270557de...)
[2026-03-23T15:47:18.050+0000] {daily_rescore.py:496} INFO -   CSV saved → rescore_2026-03-23.csv
[2026-03-23T15:47:18.051+0000] {daily_rescore.py:554} INFO - 
============================================================
[2026-03-23T15:47:18.052+0000] {daily_rescore.py:555} INFO - Re-score COMPLETE
[2026-03-23T15:47:18.053+0000] {daily_rescore.py:556} INFO -   Dates scored   : 61
[2026-03-23T15:47:18.054+0000] {daily_rescore.py:557} INFO -   BOB quality    : high (staleness: 0d)
[2026-03-23T15:47:18.055+0000] {daily_rescore.py:558} INFO -   Rows in DB     : 61
[2026-03-23T15:47:18.058+0000] {daily_rescore.py:559} INFO -   Avg predicted  : 51.3%
[2026-03-23T15:47:18.066+0000] {daily_rescore.py:560} INFO -   Rate tiers     : {'value': 33, 'promotional': 25, 'standard': 3}
[2026-03-23T15:47:18.069+0000] {daily_rescore.py:561} INFO - ============================================================
[2026-03-23T15:47:18.074+0000] {09_airflow_dag.py:110} INFO - Rescore result: {'run_id': '270557de-601b-4f8b-813e-f3d6e7e07dcc', 'dates_scored': 61, 'bob_quality': 'high', 'rows_written': 61, 'avg_predicted_occ': 0.5133}
[2026-03-23T15:47:18.076+0000] {python.py:237} INFO - Done. Returned value was: {'run_id': '270557de-601b-4f8b-813e-f3d6e7e07dcc', 'dates_scored': 61, 'bob_quality': 'high', 'rows_written': 61, 'avg_predicted_occ': 0.5133}
[2026-03-23T15:47:18.078+0000] {taskinstance.py:441} INFO - ::group::Post task execution logs
[2026-03-23T15:47:18.555+0000] {taskinstance.py:1206} INFO - Marking task as SUCCESS. dag_id=smartstay_hickstead_daily, task_id=rescore_fresh, run_id=manual__2026-03-23T15:47:08.493220+00:00, execution_date=20260323T154708, start_date=20260323T154713, end_date=20260323T154718
[2026-03-23T15:47:18.748+0000] {local_task_job_runner.py:240} INFO - Task exited with return code 0
[2026-03-23T15:47:19.664+0000] {taskinstance.py:3498} INFO - 0 downstream tasks scheduled from follow-on schedule check
[2026-03-23T15:47:19.674+0000] {local_task_job_runner.py:222} INFO - ::endgroup::
