[2026-03-13T14:02:38.119+0000] {local_task_job_runner.py:120} INFO - ::group::Pre task execution logs
[2026-03-13T14:02:38.217+0000] {taskinstance.py:2076} INFO - Dependencies all met for dep_context=non-requeueable deps ti=<TaskInstance: smartstay_hickstead_daily.check_pickup_file manual__2026-03-13T14:02:36.559823+00:00 [queued]>
[2026-03-13T14:02:38.232+0000] {taskinstance.py:2076} INFO - Dependencies all met for dep_context=requeueable deps ti=<TaskInstance: smartstay_hickstead_daily.check_pickup_file manual__2026-03-13T14:02:36.559823+00:00 [queued]>
[2026-03-13T14:02:38.234+0000] {taskinstance.py:2306} INFO - Starting attempt 1 of 2
[2026-03-13T14:02:38.254+0000] {taskinstance.py:2330} INFO - Executing <Task(BranchPythonOperator): check_pickup_file> on 2026-03-13 14:02:36.559823+00:00
[2026-03-13T14:02:38.260+0000] {standard_task_runner.py:63} INFO - Started process 215 to run task
[2026-03-13T14:02:38.264+0000] {standard_task_runner.py:90} INFO - Running: ['airflow', 'tasks', 'run', 'smartstay_hickstead_daily', 'check_pickup_file', 'manual__2026-03-13T14:02:36.559823+00:00', '--job-id', '34', '--raw', '--subdir', 'DAGS_FOLDER/09_airflow_dag.py', '--cfg-path', '/tmp/tmpi50m649t']
[2026-03-13T14:02:38.267+0000] {standard_task_runner.py:91} INFO - Job 34: Subtask check_pickup_file
[2026-03-13T14:02:38.499+0000] {task_command.py:426} INFO - Running <TaskInstance: smartstay_hickstead_daily.check_pickup_file manual__2026-03-13T14:02:36.559823+00:00 [running]> on host 2ece018fe502
[2026-03-13T14:02:38.857+0000] {taskinstance.py:2648} INFO - Exporting env vars: AIRFLOW_CTX_DAG_EMAIL='revenue@unhotels.co.uk' AIRFLOW_CTX_DAG_OWNER='smartstay' AIRFLOW_CTX_DAG_ID='smartstay_hickstead_daily' AIRFLOW_CTX_TASK_ID='check_pickup_file' AIRFLOW_CTX_EXECUTION_DATE='2026-03-13T14:02:36.559823+00:00' AIRFLOW_CTX_TRY_NUMBER='1' AIRFLOW_CTX_DAG_RUN_ID='manual__2026-03-13T14:02:36.559823+00:00'
[2026-03-13T14:02:38.859+0000] {taskinstance.py:430} INFO - ::endgroup::
[2026-03-13T14:02:39.098+0000] {baseoperator.py:399} WARNING - BranchPythonOperator.execute cannot be called outside TaskInstance!
[2026-03-13T14:02:39.113+0000] {09_airflow_dag.py:102} WARNING - No fresh pickup file today — routing to stale rescore
[2026-03-13T14:02:39.113+0000] {python.py:237} INFO - Done. Returned value was: rescore_stale
[2026-03-13T14:02:39.114+0000] {branch.py:36} INFO - Branch into rescore_stale
[2026-03-13T14:02:39.114+0000] {skipmixin.py:178} INFO - Following branch rescore_stale
[2026-03-13T14:02:39.219+0000] {skipmixin.py:246} INFO - Skipping tasks [('rescore_fresh', -1)]
[2026-03-13T14:02:39.340+0000] {taskinstance.py:441} INFO - ::group::Post task execution logs
[2026-03-13T14:02:39.456+0000] {taskinstance.py:1206} INFO - Marking task as SUCCESS. dag_id=smartstay_hickstead_daily, task_id=check_pickup_file, run_id=manual__2026-03-13T14:02:36.559823+00:00, execution_date=20260313T140236, start_date=20260313T140238, end_date=20260313T140239
[2026-03-13T14:02:39.501+0000] {local_task_job_runner.py:240} INFO - Task exited with return code 0
[2026-03-13T14:02:39.596+0000] {taskinstance.py:3498} INFO - 1 downstream tasks scheduled from follow-on schedule check
[2026-03-13T14:02:39.600+0000] {local_task_job_runner.py:222} INFO - ::endgroup::
