[2026-03-13T14:58:05.068+0000] {local_task_job_runner.py:120} INFO - ::group::Pre task execution logs
[2026-03-13T14:58:05.171+0000] {taskinstance.py:2076} INFO - Dependencies all met for dep_context=non-requeueable deps ti=<TaskInstance: smartstay_hickstead_daily.rescore_fresh manual__2026-03-13T14:52:52.466109+00:00 [queued]>
[2026-03-13T14:58:05.189+0000] {taskinstance.py:2076} INFO - Dependencies all met for dep_context=requeueable deps ti=<TaskInstance: smartstay_hickstead_daily.rescore_fresh manual__2026-03-13T14:52:52.466109+00:00 [queued]>
[2026-03-13T14:58:05.193+0000] {taskinstance.py:2306} INFO - Starting attempt 2 of 2
[2026-03-13T14:58:05.213+0000] {taskinstance.py:2330} INFO - Executing <Task(PythonOperator): rescore_fresh> on 2026-03-13 14:52:52.466109+00:00
[2026-03-13T14:58:05.219+0000] {standard_task_runner.py:63} INFO - Started process 716 to run task
[2026-03-13T14:58:05.223+0000] {standard_task_runner.py:90} INFO - Running: ['airflow', 'tasks', 'run', 'smartstay_hickstead_daily', 'rescore_fresh', 'manual__2026-03-13T14:52:52.466109+00:00', '--job-id', '61', '--raw', '--subdir', 'DAGS_FOLDER/09_airflow_dag.py', '--cfg-path', '/tmp/tmpr3emmy7u']
[2026-03-13T14:58:05.226+0000] {standard_task_runner.py:91} INFO - Job 61: Subtask rescore_fresh
[2026-03-13T14:58:05.438+0000] {task_command.py:426} INFO - Running <TaskInstance: smartstay_hickstead_daily.rescore_fresh manual__2026-03-13T14:52:52.466109+00:00 [running]> on host 7c64011c3c54
[2026-03-13T14:58:06.003+0000] {taskinstance.py:2648} INFO - Exporting env vars: AIRFLOW_CTX_DAG_EMAIL='revenue@unhotels.co.uk' AIRFLOW_CTX_DAG_OWNER='smartstay' AIRFLOW_CTX_DAG_ID='smartstay_hickstead_daily' AIRFLOW_CTX_TASK_ID='rescore_fresh' AIRFLOW_CTX_EXECUTION_DATE='2026-03-13T14:52:52.466109+00:00' AIRFLOW_CTX_TRY_NUMBER='2' AIRFLOW_CTX_DAG_RUN_ID='manual__2026-03-13T14:52:52.466109+00:00'
[2026-03-13T14:58:06.004+0000] {taskinstance.py:430} INFO - ::endgroup::
[2026-03-13T14:58:06.487+0000] {daily_rescore.py:511} INFO - ============================================================
[2026-03-13T14:58:06.487+0000] {daily_rescore.py:512} INFO - SmartStay — Daily Re-score
[2026-03-13T14:58:06.488+0000] {daily_rescore.py:513} INFO - Window   : 2026-03-13 → 2026-05-12  (60 days)
[2026-03-13T14:58:06.488+0000] {daily_rescore.py:514} INFO - Dry run  : False
[2026-03-13T14:58:06.488+0000] {daily_rescore.py:515} INFO - ============================================================
[2026-03-13T14:58:05.901+0000] {daily_rescore.py:93} INFO - Latest pickup file: Uno_Hotels_Pickup_13_03_2026.xlsx  (file date: 2026-03-13, staleness: 0d, quality: high)
[2026-03-13T14:58:05.901+0000] {daily_rescore.py:529} INFO - 
[Step 1] Parsing BOB features from Uno_Hotels_Pickup_13_03_2026.xlsx
[2026-03-13T14:58:05.979+0000] {daily_rescore.py:114} INFO -   Pickup file shape: (2557, 14)
[2026-03-13T14:58:05.982+0000] {daily_rescore.py:132} INFO -   Raw file unparseable — falling back to clean_pickup.csv
[2026-03-13T14:58:06.002+0000] {daily_rescore.py:533} INFO - 
[Step 2] Building feature matrix (2026-03-13 → 2026-05-12)
[2026-03-13T14:58:06.013+0000] {daily_rescore.py:176} INFO -   Rescore window: 61 dates (2026-03-13 → 2026-05-12)
[2026-03-13T14:58:06.021+0000] {daily_rescore.py:195} INFO -   BOB features matched: 61/61 dates
[2026-03-13T14:58:06.025+0000] {daily_rescore.py:537} INFO - 
[Step 3] Loading production model
[2026-03-13T14:58:07.281+0000] {daily_rescore.py:250} INFO -   Model loaded: gbm_model.joblib
[2026-03-13T14:58:07.282+0000] {daily_rescore.py:252} INFO -   RF loaded:    rf_model.joblib
[2026-03-13T14:58:07.282+0000] {daily_rescore.py:541} INFO - 
[Step 4] Running Stage 1 + Stage 2 predictions
[2026-03-13T14:58:07.327+0000] {daily_rescore.py:545} INFO - 
[Step 5] Assembling output + rate recommendations
[2026-03-13T14:58:07.332+0000] {daily_rescore.py:549} INFO - 
[Step 6] Writing results (dry_run=False)
[2026-03-13T14:58:07.384+0000] {taskinstance.py:441} INFO - ::group::Post task execution logs
[2026-03-13T14:58:07.385+0000] {taskinstance.py:2905} ERROR - Task failed with exception
Traceback (most recent call last):
  File "/home/airflow/.local/lib/python3.11/site-packages/airflow/models/taskinstance.py", line 460, in _execute_task
    result = _execute_callable(context=context, **execute_callable_kwargs)
             ^^^^^^^^^^^^^^^^^^^^^^^^^^^^^^^^^^^^^^^^^^^^^^^^^^^^^^^^^^^^^
  File "/home/airflow/.local/lib/python3.11/site-packages/airflow/models/taskinstance.py", line 432, in _execute_callable
    return execute_callable(context=context, **execute_callable_kwargs)
           ^^^^^^^^^^^^^^^^^^^^^^^^^^^^^^^^^^^^^^^^^^^^^^^^^^^^^^^^^^^^
  File "/home/airflow/.local/lib/python3.11/site-packages/airflow/models/baseoperator.py", line 400, in wrapper
    return func(self, *args, **kwargs)
           ^^^^^^^^^^^^^^^^^^^^^^^^^^^
  File "/home/airflow/.local/lib/python3.11/site-packages/airflow/operators/python.py", line 235, in execute
    return_value = self.execute_callable()
                   ^^^^^^^^^^^^^^^^^^^^^^^
  File "/home/airflow/.local/lib/python3.11/site-packages/airflow/operators/python.py", line 252, in execute_callable
    return self.python_callable(*self.op_args, **self.op_kwargs)
           ^^^^^^^^^^^^^^^^^^^^^^^^^^^^^^^^^^^^^^^^^^^^^^^^^^^^^
  File "/opt/airflow/dags/09_airflow_dag.py", line 109, in run_rescore
    result = main(days=60, dry_run=False)
             ^^^^^^^^^^^^^^^^^^^^^^^^^^^^
  File "/opt/smartstay/scripts/daily_rescore.py", line 550, in main
    rows_written = write_to_db(out, run_id, dry_run)
                   ^^^^^^^^^^^^^^^^^^^^^^^^^^^^^^^^^
  File "/opt/smartstay/scripts/daily_rescore.py", line 443, in write_to_db
    cur.execute("""
psycopg2.errors.NotNullViolation: null value in column "id" of relation "predictions" violates not-null constraint
DETAIL:  Failing row contains (null, hickstead, b672c006-a446-40ac-89ed-f0ff31784e9e, 2026-03-13, 4, 3, 14, 0.7725, 0.***, -0.1829, 0.5896, 31, 0.4486, 0.7307, 86.90, value, 79.00, 0.2500, -30, 0.0192, 0, 0, high, null).

[2026-03-13T14:58:07.450+0000] {taskinstance.py:1206} INFO - Marking task as FAILED. dag_id=smartstay_hickstead_daily, task_id=rescore_fresh, run_id=manual__2026-03-13T14:52:52.466109+00:00, execution_date=20260313T145252, start_date=20260313T145805, end_date=20260313T145807
[2026-03-13T14:58:07.477+0000] {configuration.py:1050} WARNING - section/key [smtp/smtp_user] not found in config
[2026-03-13T14:58:07.478+0000] {email.py:271} INFO - Email alerting: attempt 1
[2026-03-13T14:58:07.536+0000] {configuration.py:1050} WARNING - section/key [smtp/smtp_user] not found in config
[2026-03-13T14:58:07.537+0000] {email.py:271} INFO - Email alerting: attempt 1
[2026-03-13T14:58:07.538+0000] {taskinstance.py:879} ERROR - Failed to send email to: ['revenue@unhotels.co.uk']
Traceback (most recent call last):
  File "/home/airflow/.local/lib/python3.11/site-packages/airflow/models/taskinstance.py", line 2479, in _run_raw_task
    self._execute_task_with_callbacks(context, test_mode, session=session)
  File "/home/airflow/.local/lib/python3.11/site-packages/airflow/models/taskinstance.py", line 2676, in _execute_task_with_callbacks
    result = self._execute_task(context, task_orig)
             ^^^^^^^^^^^^^^^^^^^^^^^^^^^^^^^^^^^^^^
  File "/home/airflow/.local/lib/python3.11/site-packages/airflow/models/taskinstance.py", line 2701, in _execute_task
    return _execute_task(self, context, task_orig)
           ^^^^^^^^^^^^^^^^^^^^^^^^^^^^^^^^^^^^^^^
  File "/home/airflow/.local/lib/python3.11/site-packages/airflow/models/taskinstance.py", line 460, in _execute_task
    result = _execute_callable(context=context, **execute_callable_kwargs)
             ^^^^^^^^^^^^^^^^^^^^^^^^^^^^^^^^^^^^^^^^^^^^^^^^^^^^^^^^^^^^^
  File "/home/airflow/.local/lib/python3.11/site-packages/airflow/models/taskinstance.py", line 432, in _execute_callable
    return execute_callable(context=context, **execute_callable_kwargs)
           ^^^^^^^^^^^^^^^^^^^^^^^^^^^^^^^^^^^^^^^^^^^^^^^^^^^^^^^^^^^^
  File "/home/airflow/.local/lib/python3.11/site-packages/airflow/models/baseoperator.py", line 400, in wrapper
    return func(self, *args, **kwargs)
           ^^^^^^^^^^^^^^^^^^^^^^^^^^^
  File "/home/airflow/.local/lib/python3.11/site-packages/airflow/operators/python.py", line 235, in execute
    return_value = self.execute_callable()
                   ^^^^^^^^^^^^^^^^^^^^^^^
  File "/home/airflow/.local/lib/python3.11/site-packages/airflow/operators/python.py", line 252, in execute_callable
    return self.python_callable(*self.op_args, **self.op_kwargs)
           ^^^^^^^^^^^^^^^^^^^^^^^^^^^^^^^^^^^^^^^^^^^^^^^^^^^^^
  File "/opt/airflow/dags/09_airflow_dag.py", line 109, in run_rescore
    result = main(days=60, dry_run=False)
             ^^^^^^^^^^^^^^^^^^^^^^^^^^^^
  File "/opt/smartstay/scripts/daily_rescore.py", line 550, in main
    rows_written = write_to_db(out, run_id, dry_run)
                   ^^^^^^^^^^^^^^^^^^^^^^^^^^^^^^^^^
  File "/opt/smartstay/scripts/daily_rescore.py", line 443, in write_to_db
    cur.execute("""
psycopg2.errors.NotNullViolation: null value in column "id" of relation "predictions" violates not-null constraint
DETAIL:  Failing row contains (null, hickstead, b672c006-a446-40ac-89ed-f0ff31784e9e, 2026-03-13, 4, 3, 14, 0.7725, 0.***, -0.1829, 0.5896, 31, 0.4486, 0.7307, 86.90, value, 79.00, 0.2500, -30, 0.0192, 0, 0, high, null).


During handling of the above exception, another exception occurred:

Traceback (most recent call last):
  File "/home/airflow/.local/lib/python3.11/site-packages/airflow/models/taskinstance.py", line 1063, in _email_alert
    send_email(task.email, subject, html_content)
  File "/home/airflow/.local/lib/python3.11/site-packages/airflow/utils/email.py", line 80, in send_email
    return backend(
           ^^^^^^^^
  File "/home/airflow/.local/lib/python3.11/site-packages/airflow/utils/email.py", line 154, in send_email_smtp
    send_mime_email(e_from=mail_from, e_to=recipients, mime_msg=msg, conn_id=conn_id, dryrun=dryrun)
  File "/home/airflow/.local/lib/python3.11/site-packages/airflow/utils/email.py", line 273, in send_mime_email
    smtp_conn = _get_smtp_connection(smtp_host, smtp_port, smtp_timeout, smtp_ssl)
                ^^^^^^^^^^^^^^^^^^^^^^^^^^^^^^^^^^^^^^^^^^^^^^^^^^^^^^^^^^^^^^^^^^
  File "/home/airflow/.local/lib/python3.11/site-packages/airflow/utils/email.py", line 317, in _get_smtp_connection
    return smtplib.SMTP(host=host, port=port, timeout=timeout)
           ^^^^^^^^^^^^^^^^^^^^^^^^^^^^^^^^^^^^^^^^^^^^^^^^^^^
  File "/usr/local/lib/python3.11/smtplib.py", line 255, in __init__
    (code, msg) = self.connect(host, port)
                  ^^^^^^^^^^^^^^^^^^^^^^^^
  File "/usr/local/lib/python3.11/smtplib.py", line 341, in connect
    self.sock = self._get_socket(host, port, self.timeout)
                ^^^^^^^^^^^^^^^^^^^^^^^^^^^^^^^^^^^^^^^^^^
  File "/usr/local/lib/python3.11/smtplib.py", line 312, in _get_socket
    return socket.create_connection((host, port), timeout,
           ^^^^^^^^^^^^^^^^^^^^^^^^^^^^^^^^^^^^^^^^^^^^^^^
  File "/usr/local/lib/python3.11/socket.py", line 851, in create_connection
    raise exceptions[0]
  File "/usr/local/lib/python3.11/socket.py", line 836, in create_connection
    sock.connect(sa)
ConnectionRefusedError: [Errno 111] Connection refused

During handling of the above exception, another exception occurred:

Traceback (most recent call last):
  File "/home/airflow/.local/lib/python3.11/site-packages/airflow/models/taskinstance.py", line 877, in _handle_failure
    task_instance.email_alert(error, failure_context["task"])
  File "/home/airflow/.local/lib/python3.11/site-packages/airflow/models/taskinstance.py", line 3163, in email_alert
    _email_alert(task_instance=self, exception=exception, task=task)
  File "/home/airflow/.local/lib/python3.11/site-packages/airflow/models/taskinstance.py", line 1065, in _email_alert
    send_email(task.email, subject, html_content_err)
  File "/home/airflow/.local/lib/python3.11/site-packages/airflow/utils/email.py", line 80, in send_email
    return backend(
           ^^^^^^^^
  File "/home/airflow/.local/lib/python3.11/site-packages/airflow/utils/email.py", line 154, in send_email_smtp
    send_mime_email(e_from=mail_from, e_to=recipients, mime_msg=msg, conn_id=conn_id, dryrun=dryrun)
  File "/home/airflow/.local/lib/python3.11/site-packages/airflow/utils/email.py", line 273, in send_mime_email
    smtp_conn = _get_smtp_connection(smtp_host, smtp_port, smtp_timeout, smtp_ssl)
                ^^^^^^^^^^^^^^^^^^^^^^^^^^^^^^^^^^^^^^^^^^^^^^^^^^^^^^^^^^^^^^^^^^
  File "/home/airflow/.local/lib/python3.11/site-packages/airflow/utils/email.py", line 317, in _get_smtp_connection
    return smtplib.SMTP(host=host, port=port, timeout=timeout)
           ^^^^^^^^^^^^^^^^^^^^^^^^^^^^^^^^^^^^^^^^^^^^^^^^^^^
  File "/usr/local/lib/python3.11/smtplib.py", line 255, in __init__
    (code, msg) = self.connect(host, port)
                  ^^^^^^^^^^^^^^^^^^^^^^^^
  File "/usr/local/lib/python3.11/smtplib.py", line 341, in connect
    self.sock = self._get_socket(host, port, self.timeout)
                ^^^^^^^^^^^^^^^^^^^^^^^^^^^^^^^^^^^^^^^^^^
  File "/usr/local/lib/python3.11/smtplib.py", line 312, in _get_socket
    return socket.create_connection((host, port), timeout,
           ^^^^^^^^^^^^^^^^^^^^^^^^^^^^^^^^^^^^^^^^^^^^^^^
  File "/usr/local/lib/python3.11/socket.py", line 851, in create_connection
    raise exceptions[0]
  File "/usr/local/lib/python3.11/socket.py", line 836, in create_connection
    sock.connect(sa)
ConnectionRefusedError: [Errno 111] Connection refused
[2026-03-13T14:58:07.608+0000] {standard_task_runner.py:110} ERROR - Failed to execute job 61 for task rescore_fresh (null value in column "id" of relation "predictions" violates not-null constraint
DETAIL:  Failing row contains (null, hickstead, b672c006-a446-40ac-89ed-f0ff31784e9e, 2026-03-13, 4, 3, 14, 0.7725, 0.***, -0.1829, 0.5896, 31, 0.4486, 0.7307, 86.90, value, 79.00, 0.2500, -30, 0.0192, 0, 0, high, null).
; 716)
[2026-03-13T14:58:07.655+0000] {local_task_job_runner.py:240} INFO - Task exited with return code 1
[2026-03-13T14:58:07.746+0000] {taskinstance.py:3498} INFO - 0 downstream tasks scheduled from follow-on schedule check
[2026-03-13T14:58:07.754+0000] {local_task_job_runner.py:222} INFO - ::endgroup::
