[2026-03-23T15:27:52.831+0000] {local_task_job_runner.py:120} INFO - ::group::Pre task execution logs
[2026-03-23T15:27:52.936+0000] {taskinstance.py:2076} INFO - Dependencies all met for dep_context=non-requeueable deps ti=<TaskInstance: smartstay_hickstead_daily.check_pickup_file manual__2026-03-23T15:27:51.418238+00:00 [queued]>
[2026-03-23T15:27:52.960+0000] {taskinstance.py:2076} INFO - Dependencies all met for dep_context=requeueable deps ti=<TaskInstance: smartstay_hickstead_daily.check_pickup_file manual__2026-03-23T15:27:51.418238+00:00 [queued]>
[2026-03-23T15:27:52.961+0000] {taskinstance.py:2306} INFO - Starting attempt 1 of 2
[2026-03-23T15:27:52.999+0000] {taskinstance.py:2330} INFO - Executing <Task(BranchPythonOperator): check_pickup_file> on 2026-03-23 15:27:51.418238+00:00
[2026-03-23T15:27:53.010+0000] {standard_task_runner.py:63} INFO - Started process 440 to run task
[2026-03-23T15:27:53.021+0000] {standard_task_runner.py:90} INFO - Running: ['airflow', 'tasks', 'run', 'smartstay_hickstead_daily', 'check_pickup_file', 'manual__2026-03-23T15:27:51.418238+00:00', '--job-id', '124', '--raw', '--subdir', 'DAGS_FOLDER/09_airflow_dag.py', '--cfg-path', '/tmp/tmpyhgxpppn']
[2026-03-23T15:27:53.026+0000] {standard_task_runner.py:91} INFO - Job 124: Subtask check_pickup_file
[2026-03-23T15:27:53.252+0000] {task_command.py:426} INFO - Running <TaskInstance: smartstay_hickstead_daily.check_pickup_file manual__2026-03-23T15:27:51.418238+00:00 [running]> on host 6c4b041b291a
[2026-03-23T15:27:53.879+0000] {taskinstance.py:2648} INFO - Exporting env vars: AIRFLOW_CTX_DAG_EMAIL='revenue@unhotels.co.uk' AIRFLOW_CTX_DAG_OWNER='smartstay' AIRFLOW_CTX_DAG_ID='smartstay_hickstead_daily' AIRFLOW_CTX_TASK_ID='check_pickup_file' AIRFLOW_CTX_EXECUTION_DATE='2026-03-23T15:27:51.418238+00:00' AIRFLOW_CTX_TRY_NUMBER='1' AIRFLOW_CTX_DAG_RUN_ID='manual__2026-03-23T15:27:51.418238+00:00'
[2026-03-23T15:27:53.880+0000] {taskinstance.py:430} INFO - ::endgroup::
[2026-03-23T15:27:53.893+0000] {baseoperator.py:399} WARNING - BranchPythonOperator.execute cannot be called outside TaskInstance!
[2026-03-23T15:27:53.910+0000] {09_airflow_dag.py:98} INFO - Fresh pickup file found: Uno_Hotels_Pickup_18_03_2026.xlsx
[2026-03-23T15:27:53.990+0000] {python.py:237} INFO - Done. Returned value was: rescore_fresh
[2026-03-23T15:27:53.991+0000] {branch.py:36} INFO - Branch into rescore_fresh
[2026-03-23T15:27:53.991+0000] {skipmixin.py:178} INFO - Following branch rescore_fresh
[2026-03-23T15:27:54.103+0000] {skipmixin.py:246} INFO - Skipping tasks [('rescore_stale', -1)]
[2026-03-23T15:27:54.220+0000] {taskinstance.py:441} INFO - ::group::Post task execution logs
[2026-03-23T15:27:54.340+0000] {taskinstance.py:1206} INFO - Marking task as SUCCESS. dag_id=smartstay_hickstead_daily, task_id=check_pickup_file, run_id=manual__2026-03-23T15:27:51.418238+00:00, execution_date=20260323T152751, start_date=20260323T152752, end_date=20260323T152754
[2026-03-23T15:27:54.408+0000] {local_task_job_runner.py:240} INFO - Task exited with return code 0
[2026-03-23T15:27:54.512+0000] {taskinstance.py:3498} INFO - 1 downstream tasks scheduled from follow-on schedule check
[2026-03-23T15:27:54.515+0000] {local_task_job_runner.py:222} INFO - ::endgroup::
